OUT: 12:51:30.372 10 5 0000000000
 IN: 12:51:30.389 2 2 0013
OUT: 12:51:30.449 10 5 3000000000
 IN: 12:51:30.464 14 3 99606B
OUT: 12:51:30.48  2 2 031F
 IN: 12:51:30.492 12 2 0000
OUT: 12:51:30.526 10 5 600000B14E
 IN: 12:51:30.542 14 3 99606B
OUT: 12:51:30.603 10 5 030AF5B14E
 IN: 12:51:30.62  2 2 0313
OUT: 12:51:30.634 2 1 04
 IN: 12:51:30.647 14 3 99606B
OUT: 12:51:30.68  10 5 0C0AF5B14E
 IN: 12:51:30.699 2 5 04EEC5CD20
OUT: 12:51:30.711 2 1 01
 IN: 12:51:30.723 14 3 99606B
OUT: 12:51:30.757 10 5 0A0AF5B14E
 IN: 12:51:30.77  2 1 01
OUT: 12:51:30.819 10 5 300AF5B14E
 IN: 12:51:30.834 14 3 99606B
OUT: 12:51:30.897 10 5 600AF56996
 IN: 12:51:30.91  12 2 0000
OUT: 12:51:30.975 10 5 0313EC6996
 IN: 12:51:30.991 14 3 99606B
OUT: 12:51:31.053 10 5 0C13EC6996
 IN: 12:51:31.067 12 2 0000
OUT: 12:51:31.131 10 5 0A13EC6996
 IN: 12:51:31.147 14 3 99606B
OUT: 12:51:31.193 10 5 3013EC6996
 IN: 12:51:31.213 10 5 0600FF00FF
OUT: 12:51:31.271 10 5 6013ECE817
 IN: 12:51:31.288 14 3 99606B
OUT: 12:51:31.348 10 5 0323DCE817
 IN: 12:51:31.364 14 3 99606B
OUT: 12:51:31.426 10 5 0C23DCE817
 IN: 12:51:31.441 14 3 99606B
OUT: 12:51:31.503 10 5 0A23DCE817
 IN: 12:51:31.523 10 5 0600FF00FF
OUT: 12:51:31.581 10 5 3023DCE817
 IN: 12:51:31.597 14 3 99606B
OUT: 12:51:31.644 10 5 6023DCD926
 IN: 12:51:31.66  14 3 99606B
OUT: 12:51:31.72  10 5 0345BAD926
 IN: 12:51:31.738 14 3 99606B
OUT: 12:51:31.798 10 5 0C45BAD926
 IN: 12:51:31.814 14 3 99606B
OUT: 12:51:31.877 10 5 0A45BAD926
 IN: 12:51:31.893 14 3 99606B
OUT: 12:51:31.955 10 5 3045BAD926
 IN: 12:51:31.975 10 5 0600FF00FF
OUT: 12:51:32.018 10 5 6045BA9867
 IN: 12:51:32.034 14 3 99606B
OUT: 12:51:32.097 10 5 036D929867
 IN: 12:51:32.112 14 3 99606B
OUT: 12:51:32.173 10 5 0C6D929867
 IN: 12:51:32.19  14 3 99606B
OUT: 12:51:32.25  10 5 0A6D929867
 IN: 12:51:32.265 14 3 99606B
OUT: 12:51:32.326 10 5 306D929867
 IN: 12:51:32.342 14 3 99606B
OUT: 12:51:32.405 10 5 606D9220DF
 IN: 12:51:32.422 14 3 99606B
OUT: 12:51:32.482 10 5 037C8320DF
 IN: 12:51:32.5   10 5 0600FF00FF
OUT: 12:51:32.544 10 5 0C7C8320DF
 IN: 12:51:32.562 14 3 99606B
OUT: 12:51:32.621 10 5 0A7C8320DF
 IN: 12:51:32.639 14 3 99606B
OUT: 12:51:32.698 10 5 307C8320DF
 IN: 12:51:32.715 14 3 99606B
OUT: 12:51:32.775 10 5 607C83609F
 IN: 12:51:32.793 14 3 99606B
OUT: 12:51:32.853 10 5 03B44B609F
 IN: 12:51:32.87  14 3 99606B
OUT: 12:51:32.931 10 5 0CB44B609F
 IN: 12:51:32.948 14 3 99606B
OUT: 12:51:32.994 10 5 0AB44B609F
 IN: 12:51:33.013 10 5 0600FF00FF
OUT: 12:51:33.07  10 5 30B44B609F
 IN: 12:51:33.087 14 3 99606B
OUT: 12:51:33.147 10 5 60B44B8877
 IN: 12:51:33.164 14 3 99606B
OUT: 12:51:33.224 10 5 03EF108877
 IN: 12:51:33.24  14 3 99606B
OUT: 12:51:33.301 10 5 0CEF108877
 IN: 12:51:33.318 14 3 99606B
OUT: 12:51:33.377 10 5 0AEF108877
 IN: 12:51:33.394 14 3 99606B
OUT: 12:51:33.453 10 5 30EF108877
 IN: 12:51:33.471 14 3 99606B
OUT: 12:51:33.53  10 5 60EF10B14E
 IN: 12:51:33.548 10 5 0600FF00FF
OUT: 12:51:33.592 10 5 030AF5B14E
 IN: 12:51:33.608 14 3 99606B
OUT: 12:51:33.671 10 5 0C0AF5B14E
 IN: 12:51:33.688 14 3 99606B
OUT: 12:51:33.748 10 5 0A0AF5B14E
 IN: 12:51:33.764 14 3 99606B
OUT: 12:51:33.825 10 5 300AF5B14E
 IN: 12:51:33.841 14 3 99606B
OUT: 12:51:33.902 10 5 600AF56996
 IN: 12:51:33.919 14 3 99606B
OUT: 12:51:33.979 10 5 0313EC6996
 IN: 12:51:33.996 14 3 99606B
OUT: 12:51:34.055 10 5 0C13EC6996
 IN: 12:51:34.076 10 5 0600FF00FF
OUT: 12:51:34.131 10 5 0A13EC6996
 IN: 12:51:34.148 14 3 99606B
OUT: 12:51:34.207 10 5 3013EC6996
 IN: 12:51:34.223 14 3 99606B
OUT: 12:51:34.269 10 5 6013ECE817
 IN: 12:51:34.285 14 3 99606B
OUT: 12:51:34.346 10 5 0323DCE817
 IN: 12:51:34.36  14 3 99606B
OUT: 12:51:34.422 10 5 0C23DCE817
 IN: 12:51:34.438 14 3 99606B
OUT: 12:51:34.499 10 5 0A23DCE817
 IN: 12:51:34.518 10 5 0600FF00FF
OUT: 12:51:34.576 10 5 3023DCE817
 IN: 12:51:34.593 14 3 99606B
OUT: 12:51:34.653 10 5 6023DCD926
 IN: 12:51:34.671 14 3 99606B
OUT: 12:51:34.73  10 5 0345BAD926
 IN: 12:51:34.746 14 3 99606B
OUT: 12:51:34.807 10 5 0C45BAD926
 IN: 12:51:34.824 14 3 99606B
OUT: 12:51:34.882 10 5 0A45BAD926
 IN: 12:51:34.9   14 3 99606B
OUT: 12:51:34.943 10 5 3045BAD926
 IN: 12:51:34.961 14 3 99606B
OUT: 12:51:35.02  10 5 6045BA9867
 IN: 12:51:35.039 10 5 0600FF00FF
OUT: 12:51:35.096 10 5 036D929867
 IN: 12:51:35.111 14 3 99606B
OUT: 12:51:35.173 10 5 0C6D929867
 IN: 12:51:35.188 14 3 99606B
OUT: 12:51:35.251 10 5 0A6D929867
 IN: 12:51:35.268 14 3 99606B
OUT: 12:51:35.327 10 5 306D929867
 IN: 12:51:35.343 14 3 99606B
OUT: 12:51:35.404 10 5 606D9220DF
 IN: 12:51:35.422 14 3 99606B
OUT: 12:51:35.48  10 5 037C8320DF
 IN: 12:51:35.497 14 3 99606B
OUT: 12:51:35.556 10 5 0C7C8320DF
 IN: 12:51:35.577 10 5 0600FF00FF
OUT: 12:51:35.618 10 5 0A7C8320DF
 IN: 12:51:35.634 14 3 99606B
OUT: 12:51:35.696 10 5 307C8320DF
 IN: 12:51:35.712 14 3 99606B
OUT: 12:51:35.774 10 5 607C83609F
 IN: 12:51:35.789 14 3 99606B
OUT: 12:51:35.851 10 5 03B44B609F
 IN: 12:51:35.867 14 3 99606B
OUT: 12:51:35.928 10 5 0CB44B609F
 IN: 12:51:35.947 14 3 99606B
OUT: 12:51:36.005 10 5 0AB44B609F
 IN: 12:51:36.022 14 3 99606B
OUT: 12:51:36.081 10 5 30B44B609F
 IN: 12:51:36.102 10 5 0600FF00FF
OUT: 12:51:36.156 10 5 60B44B8877
 IN: 12:51:36.173 14 3 99606B
OUT: 12:51:36.218 10 5 03EF108877
 IN: 12:51:36.235 14 3 99606B
OUT: 12:51:36.295 10 5 0CEF108877
 IN: 12:51:36.311 14 3 99606B
OUT: 12:51:36.372 10 5 0AEF108877
 IN: 12:51:36.388 14 3 99606B
OUT: 12:51:36.449 10 5 30EF108877
 IN: 12:51:36.466 14 3 99606B
OUT: 12:51:36.528 10 5 60EF10B14E
 IN: 12:51:36.545 14 3 99606B
OUT: 12:51:36.605 10 5 030AF5B14E
 IN: 12:51:36.624 10 5 0600FF00FF
OUT: 12:51:36.682 10 5 0C0AF5B14E
 IN: 12:51:36.698 14 3 99606B
OUT: 12:51:36.744 10 5 0A0AF5B14E
 IN: 12:51:36.761 14 3 99606B
OUT: 12:51:36.82  10 5 300AF5B14E
 IN: 12:51:36.836 14 3 99606B
OUT: 12:51:36.897 10 5 600AF56996
 IN: 12:51:36.914 14 3 99606B
OUT: 12:51:36.974 10 5 0313EC6996
 IN: 12:51:36.989 14 3 99606B
OUT: 12:51:37.05  10 5 0C13EC6996
 IN: 12:51:37.067 14 3 99606B
OUT: 12:51:37.126 10 5 0A13EC6996
 IN: 12:51:37.146 10 5 0600FF00FF
OUT: 12:51:37.203 10 5 3013EC6996
 IN: 12:51:37.22  14 3 99606B
OUT: 12:51:37.28  10 5 6013ECE817
 IN: 12:51:37.296 14 3 99606B
OUT: 12:51:37.343 10 5 0323DCE817
 IN: 12:51:37.36  14 3 99606B
OUT: 12:51:37.419 10 5 0C23DCE817
 IN: 12:51:37.437 14 3 99606B
OUT: 12:51:37.498 10 5 0A23DCE817
 IN: 12:51:37.515 14 3 99606B
OUT: 12:51:37.576 10 5 3023DCE817
 IN: 12:51:37.594 10 5 0600FF00FF
OUT: 12:51:37.654 10 5 6023DCD926
 IN: 12:51:37.671 14 3 99606B
OUT: 12:51:37.731 10 5 0345BAD926
 IN: 12:51:37.747 14 3 99606B
OUT: 12:51:37.793 10 5 0C45BAD926
 IN: 12:51:37.809 14 3 99606B
OUT: 12:51:37.872 10 5 0A45BAD926
 IN: 12:51:37.888 14 3 99606B
OUT: 12:51:37.948 10 5 3045BAD926
 IN: 12:51:37.966 14 3 99606B
OUT: 12:51:38.026 10 5 6045BA9867
 IN: 12:51:38.042 14 3 99606B
OUT: 12:51:38.102 10 5 036D929867
 IN: 12:51:38.121 10 5 0600FF00FF
OUT: 12:51:38.179 10 5 0C6D929867
 IN: 12:51:38.195 14 3 99606B
OUT: 12:51:38.257 10 5 0A6D929867
 IN: 12:51:38.274 14 3 99606B
OUT: 12:51:38.319 10 5 306D929867
 IN: 12:51:38.336 14 3 99606B
OUT: 12:51:38.396 10 5 606D9220DF
 IN: 12:51:38.414 14 3 99606B
OUT: 12:51:38.474 10 5 037C8320DF
 IN: 12:51:38.489 14 3 99606B
OUT: 12:51:38.551 10 5 0C7C8320DF
 IN: 12:51:38.567 14 3 99606B
OUT: 12:51:38.629 10 5 0A7C8320DF
 IN: 12:51:38.647 10 5 0600FF00FF
OUT: 12:51:38.706 10 5 307C8320DF
 IN: 12:51:38.722 14 3 99606B
OUT: 12:51:38.769 10 5 607C83609F
 IN: 12:51:38.784 14 3 99606B
OUT: 12:51:38.847 10 5 03B44B609F
 IN: 12:51:38.863 14 3 99606B
OUT: 12:51:38.923 10 5 0CB44B609F
 IN: 12:51:38.941 14 3 99606B
OUT: 12:51:39.001 10 5 0AB44B609F
 IN: 12:51:39.018 14 3 99606B
OUT: 12:51:39.078 10 5 30B44B609F
 IN: 12:51:39.096 10 5 0600FF00FF
OUT: 12:51:39.156 10 5 60B44B8877
 IN: 12:51:39.174 14 3 99606B
OUT: 12:51:39.232 10 5 03EF108877
 IN: 12:51:39.25  14 3 99606B
OUT: 12:51:39.295 10 5 0CEF108877
 IN: 12:51:39.311 14 3 99606B
OUT: 12:51:39.373 10 5 0AEF108877
 IN: 12:51:39.391 14 3 99606B
OUT: 12:51:39.45  10 5 30EF108877
 IN: 12:51:39.466 14 3 99606B
OUT: 12:51:39.528 10 5 60EF10B14E
 IN: 12:51:39.544 14 3 99606B
OUT: 12:51:39.607 10 5 030AF5B14E
 IN: 12:51:39.626 10 5 0600FF00FF
OUT: 12:51:39.67  10 5 0C0AF5B14E
 IN: 12:51:39.687 14 3 99606B
OUT: 12:51:39.748 10 5 0A0AF5B14E
 IN: 12:51:39.765 14 3 99606B
OUT: 12:51:39.827 10 5 300AF5B14E
 IN: 12:51:39.842 14 3 99606B
OUT: 12:51:39.904 10 5 600AF56996
 IN: 12:51:39.922 14 3 99606B
OUT: 12:51:39.982 10 5 0313EC6996
 IN: 12:51:40     14 3 99606B
OUT: 12:51:40.044 10 5 0C13EC6996
 IN: 12:51:40.06  14 3 99606B
OUT: 12:51:40.122 10 5 0A13EC6996
 IN: 12:51:40.141 10 5 0600FF00FF
OUT: 12:51:40.2   10 5 3013EC6996
 IN: 12:51:40.217 14 3 99606B
OUT: 12:51:40.278 10 5 6013ECE817
 IN: 12:51:40.292 14 3 99606B
OUT: 12:51:40.356 10 5 0323DCE817
 IN: 12:51:40.374 14 3 91692B
OUT: 12:51:40.418 14 2 0000
 IN: 12:51:40.432 14 3 91692B
OUT: 12:51:40.496 10 5 0C23DCE817
 IN: 12:51:40.513 14 3 91692B
OUT: 12:51:40.574 10 5 0A23DCE817
 IN: 12:51:40.591 14 3 91692B
OUT: 12:51:40.653 10 5 3023DCE817
 IN: 12:51:40.672 10 5 0600FF00FF
OUT: 12:51:40.731 10 5 6023DCD926
 IN: 12:51:40.748 14 3 91692B
OUT: 12:51:40.793 10 5 0345BAD926
 IN: 12:51:40.809 14 3 91692B
OUT: 12:51:40.872 10 5 0C45BAD926
 IN: 12:51:40.887 14 3 91692B
OUT: 12:51:40.951 10 5 0A45BAD926
 IN: 12:51:40.967 14 3 91692B
OUT: 12:51:41.028 10 5 3045BAD926
 IN: 12:51:41.044 14 3 91692B
OUT: 12:51:41.106 10 5 6045BA9867
 IN: 12:51:41.126 10 5 0600FF00FF
OUT: 12:51:41.167 10 5 036D929867
 IN: 12:51:41.183 14 3 91692B
OUT: 12:51:41.245 10 5 0C6D929867
 IN: 12:51:41.263 14 3 91692B
OUT: 12:51:41.323 10 5 0A6D929867
 IN: 12:51:41.339 14 3 91692B
OUT: 12:51:41.401 10 5 306D929867
 IN: 12:51:41.419 14 3 91692B
OUT: 12:51:41.479 10 5 606D9220DF
 IN: 12:51:41.496 14 3 91692B
OUT: 12:51:41.558 10 5 037C8320DF
 IN: 12:51:41.574 14 3 91692B
OUT: 12:51:41.619 10 5 0C7C8320DF
 IN: 12:51:41.639 10 5 0600FF00FF
OUT: 12:51:41.697 10 5 0A7C8320DF
 IN: 12:51:41.713 14 3 91692B
OUT: 12:51:41.775 10 5 307C8320DF
 IN: 12:51:41.792 14 3 91692B
OUT: 12:51:41.854 10 5 607C83609F
 IN: 12:51:41.872 14 3 91692B
OUT: 12:51:41.917 10 5 03B44B609F
 IN: 12:51:41.936 14 3 91692B
OUT: 12:51:41.996 10 5 0CB44B609F
 IN: 12:51:42.012 14 3 91692B
OUT: 12:51:42.074 10 5 0AB44B609F
 IN: 12:51:42.091 14 3 91692B
OUT: 12:51:42.152 10 5 30B44B609F
 IN: 12:51:42.173 10 5 0600FF00FF
OUT: 12:51:42.23  10 5 60B44B8877
 IN: 12:51:42.246 14 3 91692B
OUT: 12:51:42.307 10 5 03EF108877
 IN: 12:51:42.324 14 3 91692B
OUT: 12:51:42.369 10 5 0CEF108877
 IN: 12:51:42.386 14 3 91692B
OUT: 12:51:42.446 10 5 0AEF108877
 IN: 12:51:42.463 14 3 91692B
OUT: 12:51:42.525 10 5 30EF108877
 IN: 12:51:42.541 14 3 91692B
OUT: 12:51:42.603 10 5 60EF10B14E
 IN: 12:51:42.62  14 3 91692B
OUT: 12:51:42.681 10 5 030AF5B14E
 IN: 12:51:42.7   10 5 0600FF00FF
OUT: 12:51:42.743 10 5 0C0AF5B14E
 IN: 12:51:42.76  14 3 91692B
OUT: 12:51:42.821 10 5 0A0AF5B14E
 IN: 12:51:42.837 14 3 91692B
OUT: 12:51:42.901 10 5 300AF5B14E
 IN: 12:51:42.919 14 3 91692B
OUT: 12:51:42.978 10 5 600AF56996
 IN: 12:51:42.994 14 3 91692B
OUT: 12:51:43.057 10 5 0313EC6996
 IN: 12:51:43.074 14 3 91692B
OUT: 12:51:43.118 10 5 0C13EC6996
 IN: 12:51:43.135 14 3 91692B
OUT: 12:51:43.197 10 5 0A13EC6996
 IN: 12:51:43.217 10 5 0600FF00FF
OUT: 12:51:43.273 10 5 3013EC6996
 IN: 12:51:43.291 14 3 91692B
OUT: 12:51:43.352 10 5 6013ECE817
 IN: 12:51:43.368 14 3 91692B
OUT: 12:51:43.429 10 5 0323DCE817
 IN: 12:51:43.446 14 3 91692B
OUT: 12:51:43.506 10 5 0C23DCE817
 IN: 12:51:43.522 14 3 91692B
OUT: 12:51:43.569 10 5 0A23DCE817
 IN: 12:51:43.585 14 3 91692B
OUT: 12:51:43.647 10 5 3023DCE817
 IN: 12:51:43.666 10 5 0600FF00FF
OUT: 12:51:43.725 10 5 6023DCD926
 IN: 12:51:43.741 14 3 91692B
OUT: 12:51:43.801 10 5 0345BAD926
 IN: 12:51:43.818 14 3 91692B
OUT: 12:51:43.878 10 5 0C45BAD926
 IN: 12:51:43.893 14 3 91692B
OUT: 12:51:43.956 10 5 0A45BAD926
 IN: 12:51:43.973 14 3 91692B
OUT: 12:51:44.019 10 5 3045BAD926
 IN: 12:51:44.037 14 3 91692B
OUT: 12:51:44.096 10 5 6045BA9867
 IN: 12:51:44.112 14 3 91692B
OUT: 12:51:44.174 10 5 036D929867
 IN: 12:51:44.194 10 5 0600FF00FF
OUT: 12:51:44.251 10 5 0C6D929867
 IN: 12:51:44.268 14 3 91692B
OUT: 12:51:44.329 10 5 0A6D929867
 IN: 12:51:44.345 14 3 91692B
OUT: 12:51:44.407 10 5 306D929867
 IN: 12:51:44.423 14 3 91692B
OUT: 12:51:44.47  10 5 606D9220DF
 IN: 12:51:44.487 14 3 91692B
OUT: 12:51:44.548 10 5 037C8320DF
 IN: 12:51:44.564 14 3 91692B
OUT: 12:51:44.626 10 5 0C7C8320DF
 IN: 12:51:44.641 14 3 91692B
OUT: 12:51:44.703 10 5 0A7C8320DF
 IN: 12:51:44.721 10 5 0600FF00FF
OUT: 12:51:44.779 10 5 307C8320DF
 IN: 12:51:44.795 14 3 91692B
OUT: 12:51:44.857 10 5 607C83609F
 IN: 12:51:44.872 14 3 91692B
OUT: 12:51:44.919 10 5 03B44B609F
 IN: 12:51:44.935 14 3 91692B
OUT: 12:51:44.996 10 5 0CB44B609F
 IN: 12:51:45.012 14 3 91692B
OUT: 12:51:45.075 10 5 0AB44B609F
 IN: 12:51:45.091 14 3 91692B
OUT: 12:51:45.153 10 5 30B44B609F
 IN: 12:51:45.171 14 3 91692B
OUT: 12:51:45.23  10 5 60B44B8877
 IN: 12:51:45.249 10 5 0600FF00FF
OUT: 12:51:45.293 10 5 03EF108877
 IN: 12:51:45.31  14 3 91692B
OUT: 12:51:45.37  10 5 0CEF108877
 IN: 12:51:45.387 14 3 91692B
OUT: 12:51:45.448 10 5 0AEF108877
 IN: 12:51:45.463 14 3 91692B
OUT: 12:51:45.525 10 5 30EF108877
 IN: 12:51:45.542 14 3 91692B
OUT: 12:51:45.602 10 5 60EF10B14E
 IN: 12:51:45.618 14 3 91692B
OUT: 12:51:45.681 10 5 030AF5B14E
 IN: 12:51:45.7   10 5 0600FF00FF
OUT: 12:51:45.742 10 5 0C0AF5B14E
 IN: 12:51:45.758 14 3 91692B
OUT: 12:51:45.821 10 5 0A0AF5B14E
 IN: 12:51:45.838 14 3 91692B
OUT: 12:51:45.897 10 5 300AF5B14E
 IN: 12:51:45.913 14 3 91692B
OUT: 12:51:45.975 10 5 600AF56996
 IN: 12:51:45.991 14 3 91692B
OUT: 12:51:46.052 10 5 0313EC6996
 IN: 12:51:46.07  14 3 91692B
OUT: 12:51:46.131 10 5 0C13EC6996
 IN: 12:51:46.148 14 3 91692B
OUT: 12:51:46.207 10 5 0A13EC6996
 IN: 12:51:46.227 10 5 0600FF00FF
OUT: 12:51:46.269 10 5 3013EC6996
 IN: 12:51:46.285 14 3 99606B
OUT: 12:51:46.3   2 2 031F
 IN: 12:51:46.315 14 3 99606B
OUT: 12:51:46.347 10 5 6013ECE817
 IN: 12:51:46.363 2 2 0313
OUT: 12:51:46.378 2 1 04
 IN: 12:51:46.391 14 3 99606B
OUT: 12:51:46.424 10 5 0323DCE817
 IN: 12:51:46.442 2 5 04EEC5CD20
OUT: 12:51:46.455 2 1 01
 IN: 12:51:46.468 14 3 99606B
OUT: 12:51:46.501 10 5 0C23DCE817
 IN: 12:51:46.516 2 1 01
OUT: 12:51:46.579 10 5 0A23DCE817
 IN: 12:51:46.596 14 3 99606B
OUT: 12:51:46.657 10 5 3023DCE817
 IN: 12:51:46.673 14 3 99606B
OUT: 12:51:46.721 10 5 6023DCD926
 IN: 12:51:46.739 10 5 0600FF00FF
OUT: 12:51:46.799 10 5 0345BAD926
 IN: 12:51:46.817 14 3 99606B
OUT: 12:51:46.879 10 5 0C45BAD926
 IN: 12:51:46.894 14 3 99606B
OUT: 12:51:46.957 10 5 0A45BAD926
 IN: 12:51:46.974 14 3 99606B
OUT: 12:51:47.018 10 5 3045BAD926
 IN: 12:51:47.036 14 3 19E06B
OUT: 12:51:47.097 10 5 6045BA9867
 IN: 12:51:47.112 14 3 19E06B
OUT: 12:51:47.175 10 5 036D929867
 IN: 12:51:47.194 10 5 0600FF00FF
OUT: 12:51:47.253 10 5 0C6D929867
 IN: 12:51:47.27  14 3 19E06B
OUT: 12:51:47.331 10 5 0A6D929867
 IN: 12:51:47.348 14 3 19E06B
OUT: 12:51:47.393 10 5 306D929867
 IN: 12:51:47.409 14 3 19E06B
OUT: 12:51:47.469 10 5 606D9220DF
 IN: 12:51:47.485 14 3 19E06B
OUT: 12:51:47.547 10 5 037C8320DF
 IN: 12:51:47.563 14 3 19E06B
OUT: 12:51:47.625 10 5 0C7C8320DF
 IN: 12:51:47.642 14 3 19E06B
OUT: 12:51:47.703 10 5 0A7C8320DF
 IN: 12:51:47.722 10 5 0600FF00FF
OUT: 12:51:47.781 10 5 307C8320DF
 IN: 12:51:47.798 14 3 19E06B
OUT: 12:51:47.843 10 5 607C83609F
 IN: 12:51:47.859 14 3 19E06B
OUT: 12:51:47.921 10 5 03B44B609F
 IN: 12:51:47.936 14 3 19E06B
OUT: 12:51:47.998 10 5 0CB44B609F
 IN: 12:51:48.016 14 3 19E06B
OUT: 12:51:48.075 10 5 0AB44B609F
 IN: 12:51:48.092 14 3 19E06B
OUT: 12:51:48.152 10 5 30B44B609F
 IN: 12:51:48.168 14 3 19E06B
OUT: 12:51:48.229 10 5 60B44B8877
 IN: 12:51:48.249 10 5 0600FF00FF
OUT: 12:51:48.306 10 5 03EF108877
 IN: 12:51:48.321 14 3 99606B
OUT: 12:51:48.336 2 2 031F
 IN: 12:51:48.351 14 3 99606B
OUT: 12:51:48.367 10 5 0CEF108877
 IN: 12:51:48.383 2 2 0313
OUT: 12:51:48.398 2 1 04
 IN: 12:51:48.41  14 3 99606B
OUT: 12:51:48.444 10 5 0AEF108877
 IN: 12:51:48.464 2 5 04EEC5CD20
OUT: 12:51:48.475 2 1 01
 IN: 12:51:48.488 14 3 99606B
OUT: 12:51:48.522 10 5 30EF108877
 IN: 12:51:48.535 2 1 01
OUT: 12:51:48.6   10 5 60EF10B14E
 IN: 12:51:48.617 14 3 99606B
OUT: 12:51:48.678 10 5 030AF5B14E
 IN: 12:51:48.694 14 3 99606B
OUT: 12:51:48.755 10 5 0C0AF5B14E
 IN: 12:51:48.774 10 5 0600FF00FF
OUT: 12:51:48.818 10 5 0A0AF5B14E
 IN: 12:51:48.834 14 3 99606B
OUT: 12:51:48.895 10 5 300AF5B14E
 IN: 12:51:48.912 14 3 99606B
OUT: 12:51:48.974 10 5 600AF56996
 IN: 12:51:48.989 14 3 99606B
OUT: 12:51:49.052 10 5 0313EC6996
 IN: 12:51:49.067 14 3 99606B
OUT: 12:51:49.131 10 5 0C13EC6996
 IN: 12:51:49.148 14 3 99606B
OUT: 12:51:49.192 10 5 0A13EC6996
 IN: 12:51:49.212 10 5 0600FF00FF
OUT: 12:51:49.271 10 5 3013EC6996
 IN: 12:51:49.288 14 3 19E06B
OUT: 12:51:49.348 10 5 6013ECE817
 IN: 12:51:49.365 14 3 19E06B
OUT: 12:51:49.427 10 5 0323DCE817
 IN: 12:51:49.444 14 3 19E06B
OUT: 12:51:49.504 10 5 0C23DCE817
 IN: 12:51:49.521 14 3 19E06B
OUT: 12:51:49.582 10 5 0A23DCE817
 IN: 12:51:49.598 14 3 99606B
OUT: 12:51:49.613 2 2 031F
 IN: 12:51:49.625 14 3 99606B
OUT: 12:51:49.644 10 5 3023DCE817
 IN: 12:51:49.66  2 2 0313
OUT: 12:51:49.674 2 1 04
 IN: 12:51:49.688 14 3 99606B
OUT: 12:51:49.721 10 5 6023DCD926
 IN: 12:51:49.739 2 5 04EEC5CD20
OUT: 12:51:49.751 2 1 01
 IN: 12:51:49.763 14 3 99606B
OUT: 12:51:49.797 10 5 0345BAD926
 IN: 12:51:49.811 2 1 01
OUT: 12:51:49.875 10 5 0C45BAD926
 IN: 12:51:49.892 14 3 99606B
OUT: 12:51:49.955 10 5 0A45BAD926
 IN: 12:51:49.97  14 3 99606B
OUT: 12:51:50.032 10 5 3045BAD926
 IN: 12:51:50.052 10 5 0600FF00FF
OUT: 12:51:50.093 10 5 6045BA9867
 IN: 12:51:50.109 14 3 99606B
OUT: 12:51:50.171 10 5 036D929867
 IN: 12:51:50.187 14 3 99606B
OUT: 12:51:50.248 10 5 0C6D929867
 IN: 12:51:50.265 14 3 99606B
OUT: 12:51:50.326 10 5 0A6D929867
 IN: 12:51:50.342 14 3 99606B
OUT: 12:51:50.403 10 5 306D929867
 IN: 12:51:50.42  14 3 99606B
OUT: 12:51:50.481 10 5 606D9220DF
 IN: 12:51:50.501 10 5 0600FF00FF
OUT: 12:51:50.557 10 5 037C8320DF
 IN: 12:51:50.575 14 3 99606B
OUT: 12:51:50.62  10 5 0C7C8320DF
 IN: 12:51:50.637 14 3 99606B
OUT: 12:51:50.697 10 5 0A7C8320DF
 IN: 12:51:50.715 14 3 99606B
OUT: 12:51:50.774 10 5 307C8320DF
 IN: 12:51:50.79  14 3 99606B
OUT: 12:51:50.851 10 5 607C83609F
 IN: 12:51:50.868 14 3 99606B
OUT: 12:51:50.929 10 5 03B44B609F
 IN: 12:51:50.945 14 3 99606B
OUT: 12:51:51.006 10 5 0CB44B609F
 IN: 12:51:51.025 10 5 0600FF00FF
OUT: 12:51:51.068 10 5 0AB44B609F
 IN: 12:51:51.084 14 3 99606B
OUT: 12:51:51.146 10 5 30B44B609F
 IN: 12:51:51.164 14 3 99606B
OUT: 12:51:51.223 10 5 60B44B8877
 IN: 12:51:51.24  14 3 99606B
OUT: 12:51:51.301 10 5 03EF108877
 IN: 12:51:51.317 14 3 99606B
OUT: 12:51:51.38  10 5 0CEF108877
 IN: 12:51:51.397 14 3 99606B
OUT: 12:51:51.442 10 5 0AEF108877
 IN: 12:51:51.458 14 3 99606B
OUT: 12:51:51.52  10 5 30EF108877
 IN: 12:51:51.54  10 5 0600FF00FF
OUT: 12:51:51.598 10 5 60EF10B14E
 IN: 12:51:51.616 14 3 99606B
OUT: 12:51:51.676 10 5 030AF5B14E
 IN: 12:51:51.691 14 3 99606B
OUT: 12:51:51.753 10 5 0C0AF5B14E
 IN: 12:51:51.771 14 3 99606B
OUT: 12:51:51.831 10 5 0A0AF5B14E
 IN: 12:51:51.847 14 3 99606B
OUT: 12:51:51.893 10 5 300AF5B14E
 IN: 12:51:51.91  14 3 99606B
OUT: 12:51:51.972 10 5 600AF56996
 IN: 12:51:51.988 14 3 99606B
OUT: 12:51:52.049 10 5 0313EC6996
 IN: 12:51:52.069 10 5 0600FF00FF
OUT: 12:51:52.126 10 5 0C13EC6996
 IN: 12:51:52.141 14 3 99606B
OUT: 12:51:52.203 10 5 0A13EC6996
 IN: 12:51:52.221 14 3 99606B
OUT: 12:51:52.281 10 5 3013EC6996
 IN: 12:51:52.298 14 3 99606B
OUT: 12:51:52.343 10 5 6013ECE817
 IN: 12:51:52.36  14 3 99606B
OUT: 12:51:52.422 10 5 0323DCE817
 IN: 12:51:52.438 14 3 99606B
OUT: 12:51:52.499 10 5 0C23DCE817
 IN: 12:51:52.519 10 5 0600FF00FF
OUT: 12:51:52.576 10 5 0A23DCE817
 IN: 12:51:52.593 14 3 99606B
OUT: 12:51:52.654 10 5 3023DCE817
 IN: 12:51:52.67  14 3 99606B
OUT: 12:51:52.732 10 5 6023DCD926
 IN: 12:51:52.748 14 3 99606B
OUT: 12:51:52.795 10 5 0345BAD926
 IN: 12:51:52.811 14 3 99606B
OUT: 12:51:52.874 10 5 0C45BAD926
 IN: 12:51:52.891 14 3 99606B
OUT: 12:51:52.951 10 5 0A45BAD926
 IN: 12:51:52.969 14 3 99606B
OUT: 12:51:53.029 10 5 3045BAD926
 IN: 12:51:53.046 10 5 0600FF00FF
OUT: 12:51:53.106 10 5 6045BA9867
 IN: 12:51:53.123 14 3 99606B
OUT: 12:51:53.168 10 5 036D929867
 IN: 12:51:53.184 14 3 99606B
OUT: 12:51:53.244 10 5 0C6D929867
 IN: 12:51:53.259 14 3 99606B
OUT: 12:51:53.324 14 2 FC00
 IN: 12:51:53.338 14 3 99606B
OUT: 12:51:53.401 10 5 0A6D929867
 IN: 12:51:53.417 14 3 99606B
OUT: 12:51:53.48  10 5 306D929867
 IN: 12:51:53.496 14 3 99606B
OUT: 12:51:53.543 10 5 606D9220DF
 IN: 12:51:53.562 10 5 0600FF00FF
OUT: 12:51:53.621 10 5 037C8320DF
 IN: 12:51:53.639 14 3 99606B
OUT: 12:51:53.698 10 5 0C7C8320DF
 IN: 12:51:53.715 14 3 99606B
OUT: 12:51:53.777 10 5 0A7C8320DF
 IN: 12:51:53.794 14 3 99606B
OUT: 12:51:53.854 10 5 307C8320DF
 IN: 12:51:53.87  14 3 99606B
OUT: 12:51:53.931 10 5 607C83609F
 IN: 12:51:53.945 14 3 99606B
OUT: 12:51:53.993 10 5 03B44B609F
 IN: 12:51:54.009 14 3 99606B
OUT: 12:51:54.071 10 5 0CB44B609F
 IN: 12:51:54.089 10 5 0600FF00FF
OUT: 12:51:54.148 10 5 0AB44B609F
 IN: 12:51:54.165 14 3 99606B
OUT: 12:51:54.225 10 5 30B44B609F
 IN: 12:51:54.242 14 3 99606B
OUT: 12:51:54.302 10 5 60B44B8877
 IN: 12:51:54.318 14 3 99606B
OUT: 12:51:54.381 10 5 03EF108877
 IN: 12:51:54.398 14 3 99606B
OUT: 12:51:54.443 10 5 0CEF108877
 IN: 12:51:54.461 14 3 99606B
OUT: 12:51:54.523 10 5 0AEF108877
 IN: 12:51:54.539 14 3 99606B
OUT: 12:51:54.6   10 5 30EF108877
 IN: 12:51:54.618 10 5 0600FF00FF
OUT: 12:51:54.678 10 5 60EF10B14E
 IN: 12:51:54.696 14 3 99606B
OUT: 12:51:54.755 10 5 030AF5B14E
 IN: 12:51:54.771 14 3 99606B
OUT: 12:51:54.832 10 5 0C0AF5B14E
 IN: 12:51:54.847 14 3 99606B
OUT: 12:51:54.894 10 5 0A0AF5B14E
 IN: 12:51:54.911 14 3 99606B
OUT: 12:51:54.971 10 5 300AF5B14E
 IN: 12:51:54.989 14 3 99606B
OUT: 12:51:55.05  10 5 600AF56996
 IN: 12:51:55.069 10 5 0600FF00FF
OUT: 12:51:55.127 10 5 0313EC6996
 IN: 12:51:55.144 14 3 99606B
OUT: 12:51:55.205 10 5 0C13EC6996
 IN: 12:51:55.221 14 3 99606B
OUT: 12:51:55.282 10 5 0A13EC6996
 IN: 12:51:55.299 14 3 19E06B
OUT: 12:51:55.344 10 5 3013EC6996
 IN: 12:51:55.361 14 3 19E06B
OUT: 12:51:55.421 10 5 6013ECE817
 IN: 12:51:55.438 14 3 19E06B
OUT: 12:51:55.5   10 5 0323DCE817
 IN: 12:51:55.518 14 3 19E06B
OUT: 12:51:55.578 10 5 0C23DCE817
 IN: 12:51:55.597 10 5 0600FF00FF
OUT: 12:51:55.657 10 5 0A23DCE817
 IN: 12:51:55.673 14 3 99606B
OUT: 12:51:55.688 2 2 031F
 IN: 12:51:55.701 14 3 B1486B
OUT: 12:51:55.719 10 5 3023DCE817
 IN: 12:51:55.734 2 2 0313
OUT: 12:51:55.749 2 1 04
 IN: 12:51:55.762 14 3 B1486B
OUT: 12:51:55.795 10 5 6023DCD926
 IN: 12:51:55.814 2 5 04EEC5CD20
OUT: 12:51:55.826 2 1 01
 IN: 12:51:55.838 14 3 B1486B
OUT: 12:51:55.873 10 5 0345BAD926
 IN: 12:51:55.888 2 1 01
OUT: 12:51:55.95  10 5 0C45BAD926
 IN: 12:51:55.968 14 3 B1486B
OUT: 12:51:56.028 10 5 0A45BAD926
 IN: 12:51:56.045 14 3 B1486B
OUT: 12:51:56.105 10 5 3045BAD926
 IN: 12:51:56.124 10 5 0600FF00FF
OUT: 12:51:56.181 10 5 6045BA9867
 IN: 12:51:56.198 14 3 B1486B
OUT: 12:51:56.243 10 5 036D929867
 IN: 12:51:56.26  14 3 F1086B
OUT: 12:51:56.321 10 5 0C6D929867
 IN: 12:51:56.337 14 3 F1086B
OUT: 12:51:56.399 10 5 0A6D929867
 IN: 12:51:56.417 14 3 F1086B
OUT: 12:51:56.476 10 5 306D929867
 IN: 12:51:56.492 14 3 F1086B
OUT: 12:51:56.553 10 5 606D9220DF
 IN: 12:51:56.573 10 5 0600FF00FF
OUT: 12:51:56.631 10 5 037C8320DF
 IN: 12:51:56.646 14 3 F1086B
OUT: 12:51:56.693 10 5 0C7C8320DF
 IN: 12:51:56.71  14 3 F1086B
OUT: 12:51:56.77  10 5 0A7C8320DF
 IN: 12:51:56.785 14 3 F1086B
OUT: 12:51:56.848 10 5 307C8320DF
 IN: 12:51:56.865 14 3 F1086B
OUT: 12:51:56.925 10 5 607C83609F
 IN: 12:51:56.942 14 3 F1086B
OUT: 12:51:57.002 10 5 03B44B609F
 IN: 12:51:57.018 14 3 B1486B
OUT: 12:51:57.079 10 5 0CB44B609F
 IN: 12:51:57.1   10 5 0600FF00FF
OUT: 12:51:57.157 10 5 0AB44B609F
 IN: 12:51:57.173 14 3 B1486B
OUT: 12:51:57.219 10 5 30B44B609F
 IN: 12:51:57.237 14 3 B1486B
OUT: 12:51:57.298 10 5 60B44B8877
 IN: 12:51:57.314 14 3 B1486B
OUT: 12:51:57.377 10 5 03EF108877
 IN: 12:51:57.392 14 3 B1486B
OUT: 12:51:57.455 10 5 0CEF108877
 IN: 12:51:57.472 14 3 B1486B
OUT: 12:51:57.533 10 5 0AEF108877
 IN: 12:51:57.549 14 3 B1486B
OUT: 12:51:57.595 10 5 30EF108877
 IN: 12:51:57.615 10 5 0600FF00FF
OUT: 12:51:57.673 10 5 60EF10B14E
 IN: 12:51:57.689 14 3 99606B
OUT: 12:51:57.704 2 2 031F
 IN: 12:51:57.716 14 3 99606B
OUT: 12:51:57.751 10 5 030AF5B14E
 IN: 12:51:57.764 2 2 0313
OUT: 12:51:57.781 2 1 04
 IN: 12:51:57.792 14 3 99606B
OUT: 12:51:57.828 10 5 0C0AF5B14E
 IN: 12:51:57.848 2 5 04EEC5CD20
OUT: 12:51:57.859 2 1 01
 IN: 12:51:57.872 14 3 99606B
OUT: 12:51:57.905 10 5 0A0AF5B14E
 IN: 12:51:57.919 2 1 01
OUT: 12:51:57.982 10 5 300AF5B14E
 IN: 12:51:57.999 14 3 99606B
OUT: 12:51:58.045 10 5 600AF56996
 IN: 12:51:58.061 14 3 99606B
OUT: 12:51:58.124 10 5 0313EC6996
 IN: 12:51:58.141 10 5 0600FF00FF
OUT: 12:51:58.202 10 5 0C13EC6996
 IN: 12:51:58.22  14 3 99606B
OUT: 12:51:58.279 10 5 0A13EC6996
 IN: 12:51:58.296 14 3 99606B
OUT: 12:51:58.357 10 5 3013EC6996
 IN: 12:51:58.375 14 3 99606B
OUT: 12:51:58.419 10 5 6013ECE817
 IN: 12:51:58.435 14 3 99606B
OUT: 12:51:58.497 10 5 0323DCE817
 IN: 12:51:58.514 14 3 99606B
OUT: 12:51:58.577 10 5 0C23DCE817
 IN: 12:51:58.596 10 5 0600FF00FF
OUT: 12:51:58.654 10 5 0A23DCE817
 IN: 12:51:58.669 14 3 99606B
OUT: 12:51:58.732 10 5 3023DCE817
 IN: 12:51:58.749 14 3 99606B
OUT: 12:51:58.795 10 5 6023DCD926
 IN: 12:51:58.811 14 3 99606B
OUT: 12:51:58.874 10 5 0345BAD926
 IN: 12:51:58.89  14 3 99606B
OUT: 12:51:58.951 10 5 0C45BAD926
 IN: 12:51:58.968 14 3 99606B
OUT: 12:51:59.028 10 5 0A45BAD926
 IN: 12:51:59.043 14 3 99606B
OUT: 12:51:59.107 10 5 3045BAD926
 IN: 12:51:59.125 10 5 0600FF00FF
OUT: 12:51:59.168 10 5 6045BA9867
 IN: 12:51:59.183 14 3 99606B
OUT: 12:51:59.245 10 5 036D929867
 IN: 12:51:59.263 14 3 99606B
OUT: 12:51:59.322 10 5 0C6D929867
 IN: 12:51:59.338 14 3 99606B
OUT: 12:51:59.399 10 5 0A6D929867
 IN: 12:51:59.416 14 3 99606B
OUT: 12:51:59.479 10 5 306D929867
 IN: 12:51:59.495 14 3 99606B
OUT: 12:51:59.557 10 5 606D9220DF
 IN: 12:51:59.573 14 3 99606B
OUT: 12:51:59.619 10 5 037C8320DF
 IN: 12:51:59.638 10 5 0600FF00FF
OUT: 12:51:59.697 10 5 0C7C8320DF
 IN: 12:51:59.712 14 3 99606B
OUT: 12:51:59.775 10 5 0A7C8320DF
 IN: 12:51:59.79  14 3 99606B
OUT: 12:51:59.852 10 5 307C8320DF
 IN: 12:51:59.869 14 3 99606B
OUT: 12:51:59.929 10 5 607C83609F
 IN: 12:51:59.945 14 3 99606B
OUT: 12:52:00.007 10 5 03B44B609F
 IN: 12:52:00.022 14 3 99606B
OUT: 12:52:00.068 10 5 0CB44B609F
 IN: 12:52:00.084 14 3 99606B
OUT: 12:52:00.146 10 5 0AB44B609F
 IN: 12:52:00.165 10 5 0600FF00FF
OUT: 12:52:00.223 10 5 30B44B609F
 IN: 12:52:00.241 14 3 99606B
OUT: 12:52:00.301 10 5 60B44B8877
 IN: 12:52:00.316 14 3 99606B
OUT: 12:52:00.379 10 5 03EF108877
 IN: 12:52:00.394 14 3 99606B
OUT: 12:52:00.457 10 5 0CEF108877
 IN: 12:52:00.474 14 3 99606B
OUT: 12:52:00.519 10 5 0AEF108877
 IN: 12:52:00.536 14 3 99606B
OUT: 12:52:00.598 10 5 30EF108877
 IN: 12:52:00.617 10 5 0600FF00FF
OUT: 12:52:00.676 10 5 60EF10B14E
 IN: 12:52:00.693 14 3 91692B
OUT: 12:52:00.753 14 2 0000
 IN: 12:52:00.767 14 3 91692B
OUT: 12:52:00.83  10 5 030AF5B14E
 IN: 12:52:00.846 14 3 91692B
OUT: 12:52:00.906 10 5 0C0AF5B14E
 IN: 12:52:00.922 14 3 91692B
OUT: 12:52:00.968 10 5 0A0AF5B14E
 IN: 12:52:00.984 14 3 91692B
OUT: 12:52:01.046 10 5 300AF5B14E
 IN: 12:52:01.063 14 3 91692B
OUT: 12:52:01.124 10 5 600AF56996
 IN: 12:52:01.145 10 5 0600FF00FF
OUT: 12:52:01.202 10 5 0313EC6996
 IN: 12:52:01.219 14 3 91692B
OUT: 12:52:01.279 10 5 0C13EC6996
 IN: 12:52:01.294 14 3 91692B
OUT: 12:52:01.357 10 5 0A13EC6996
 IN: 12:52:01.374 14 3 91692B
OUT: 12:52:01.419 10 5 3013EC6996
 IN: 12:52:01.435 14 3 91692B
OUT: 12:52:01.496 10 5 6013ECE817
 IN: 12:52:01.513 14 3 91692B
OUT: 12:52:01.574 10 5 0323DCE817
 IN: 12:52:01.59  14 3 91692B
OUT: 12:52:01.652 10 5 0C23DCE817
 IN: 12:52:01.672 10 5 0600FF00FF
OUT: 12:52:01.729 10 5 0A23DCE817
 IN: 12:52:01.746 14 3 91692B
OUT: 12:52:01.807 10 5 3023DCE817
 IN: 12:52:01.823 14 3 91692B
OUT: 12:52:01.868 10 5 6023DCD926
 IN: 12:52:01.885 14 3 91692B
OUT: 12:52:01.947 10 5 0345BAD926
 IN: 12:52:01.964 14 3 91692B
OUT: 12:52:02.025 10 5 0C45BAD926
 IN: 12:52:02.04  14 3 91692B
OUT: 12:52:02.103 10 5 0A45BAD926
 IN: 12:52:02.12  14 3 91692B
OUT: 12:52:02.181 10 5 3045BAD926
 IN: 12:52:02.202 10 5 0600FF00FF
OUT: 12:52:02.243 10 5 6045BA9867
 IN: 12:52:02.259 14 3 91692B
OUT: 12:52:02.32  10 5 036D929867
 IN: 12:52:02.337 14 3 91692B
OUT: 12:52:02.399 10 5 0C6D929867
 IN: 12:52:02.414 14 3 91692B
OUT: 12:52:02.476 10 5 0A6D929867
 IN: 12:52:02.494 14 3 99606B
OUT: 12:52:02.507 2 2 031F
 IN: 12:52:02.52  14 3 99606B
OUT: 12:52:02.553 10 5 306D929867
 IN: 12:52:02.567 2 2 0313
OUT: 12:52:02.584 2 1 04
 IN: 12:52:02.595 14 3 99606B
OUT: 12:52:02.631 10 5 606D9220DF
 IN: 12:52:02.649 2 5 04EEC5CD20
OUT: 12:52:02.662 2 1 01
 IN: 12:52:02.673 14 3 99606B
OUT: 12:52:02.693 10 5 037C8320DF
 IN: 12:52:02.707 2 1 01
OUT: 12:52:02.772 10 5 0C7C8320DF
 IN: 12:52:02.789 14 3 99606B
OUT: 12:52:02.848 10 5 0A7C8320DF
 IN: 12:52:02.864 14 3 99606B
OUT: 12:52:02.926 10 5 307C8320DF
 IN: 12:52:02.945 10 5 0600FF00FF
OUT: 12:52:03.003 10 5 607C83609F
 IN: 12:52:03.021 14 3 99606B
OUT: 12:52:03.081 10 5 03B44B609F
 IN: 12:52:03.099 14 3 99606B
OUT: 12:52:03.157 10 5 0CB44B609F
 IN: 12:52:03.172 14 3 99606B
OUT: 12:52:03.219 10 5 0AB44B609F
 IN: 12:52:03.236 14 3 99606B
OUT: 12:52:03.295 10 5 30B44B609F
 IN: 12:52:03.311 14 3 99606B
OUT: 12:52:03.373 10 5 60B44B8877
 IN: 12:52:03.389 14 3 99606B
OUT: 12:52:03.453 10 5 03EF108877
 IN: 12:52:03.472 10 5 0600FF00FF
OUT: 12:52:03.531 10 5 0CEF108877
 IN: 12:52:03.546 14 3 99606B
OUT: 12:52:03.593 10 5 0AEF108877
 IN: 12:52:03.61  14 3 99606B
OUT: 12:52:03.671 10 5 30EF108877
 IN: 12:52:03.687 14 3 99606B
OUT: 12:52:03.749 10 5 60EF10B14E
 IN: 12:52:03.767 14 3 99606B
OUT: 12:52:03.826 10 5 030AF5B14E
 IN: 12:52:03.843 14 3 99606B
OUT: 12:52:03.902 10 5 0C0AF5B14E
 IN: 12:52:03.92  10 5 0600FF00FF
OUT: 12:52:03.981 10 5 0A0AF5B14E
 IN: 12:52:03.996 14 3 99606B
OUT: 12:52:04.042 10 5 300AF5B14E
 IN: 12:52:04.06  14 3 99606B
OUT: 12:52:04.121 10 5 600AF56996
 IN: 12:52:04.137 14 3 99606B
OUT: 12:52:04.198 10 5 0313EC6996
 IN: 12:52:04.213 14 3 99606B
OUT: 12:52:04.276 10 5 0C13EC6996
 IN: 12:52:04.292 14 3 91692B
OUT: 12:52:04.353 14 2 0000
 IN: 12:52:04.366 14 3 91692B
OUT: 12:52:04.431 10 5 0A13EC6996
 IN: 12:52:04.45  10 5 0600FF00FF
OUT: 12:52:04.493 10 5 3013EC6996
 IN: 12:52:04.51  14 3 91692B
OUT: 12:52:04.571 10 5 6013ECE817
 IN: 12:52:04.587 14 3 91692B
OUT: 12:52:04.649 10 5 0323DCE817
 IN: 12:52:04.667 14 3 91692B
OUT: 12:52:04.725 10 5 0C23DCE817
 IN: 12:52:04.742 14 3 91692B
OUT: 12:52:04.804 10 5 0A23DCE817
 IN: 12:52:04.82  14 3 91692B
OUT: 12:52:04.882 10 5 3023DCE817
 IN: 12:52:04.898 14 3 91692B
OUT: 12:52:04.943 10 5 6023DCD926
 IN: 12:52:04.961 10 5 0600FF00FF
OUT: 12:52:05.021 10 5 0345BAD926
 IN: 12:52:05.038 14 3 91692B
OUT: 12:52:05.1   10 5 0C45BAD926
 IN: 12:52:05.117 14 3 91692B
OUT: 12:52:05.177 10 5 0A45BAD926
 IN: 12:52:05.194 14 3 91692B
OUT: 12:52:05.255 10 5 3045BAD926
 IN: 12:52:05.271 14 3 91692B
OUT: 12:52:05.332 10 5 6045BA9867
 IN: 12:52:05.349 14 3 91692B
OUT: 12:52:05.393 10 5 036D929867
 IN: 12:52:05.411 14 3 91692B
OUT: 12:52:05.471 10 5 0C6D929867
 IN: 12:52:05.488 10 5 0600FF00FF
OUT: 12:52:05.549 10 5 0A6D929867
 IN: 12:52:05.566 14 3 91692B
OUT: 12:52:05.627 10 5 306D929867
 IN: 12:52:05.644 14 3 91692B
OUT: 12:52:05.704 10 5 606D9220DF
 IN: 12:52:05.721 14 3 91692B
OUT: 12:52:05.783 10 5 037C8320DF
 IN: 12:52:05.799 14 3 91692B
OUT: 12:52:05.844 10 5 0C7C8320DF
 IN: 12:52:05.86  14 3 91692B
OUT: 12:52:05.921 10 5 0A7C8320DF
 IN: 12:52:05.94  10 5 0600FF00FF
OUT: 12:52:05.998 10 5 307C8320DF
 IN: 12:52:06.013 14 3 91692B
OUT: 12:52:06.076 10 5 607C83609F
 IN: 12:52:06.093 14 3 91692B
OUT: 12:52:06.153 10 5 03B44B609F
 IN: 12:52:06.168 14 3 91692B
OUT: 12:52:06.231 10 5 0CB44B609F
 IN: 12:52:06.248 14 3 91692B
OUT: 12:52:06.294 10 5 0AB44B609F
 IN: 12:52:06.312 14 3 91692B
OUT: 12:52:06.371 10 5 30B44B609F
 IN: 12:52:06.387 14 3 91692B
OUT: 12:52:06.451 10 5 60B44B8877
 IN: 12:52:06.469 10 5 0600FF00FF
OUT: 12:52:06.528 10 5 03EF108877
 IN: 12:52:06.543 14 3 91692B
OUT: 12:52:06.606 10 5 0CEF108877
 IN: 12:52:06.622 14 3 91692B
OUT: 12:52:06.667 10 5 0AEF108877
 IN: 12:52:06.684 14 3 91692B
OUT: 12:52:06.746 10 5 30EF108877
 IN: 12:52:06.762 14 3 91692B
OUT: 12:52:06.825 10 5 60EF10B14E
 IN: 12:52:06.841 14 3 91692B
OUT: 12:52:06.904 10 5 030AF5B14E
 IN: 12:52:06.921 14 3 91692B
OUT: 12:52:06.982 10 5 0C0AF5B14E
 IN: 12:52:07.002 10 5 0600FF00FF
OUT: 12:52:07.044 10 5 0A0AF5B14E
 IN: 12:52:07.06  14 3 91692B
OUT: 12:52:07.123 10 5 300AF5B14E
 IN: 12:52:07.14  14 3 91692B
OUT: 12:52:07.201 10 5 600AF56996
 IN: 12:52:07.219 14 3 91692B
OUT: 12:52:07.278 10 5 0313EC6996
 IN: 12:52:07.295 14 3 91692B
OUT: 12:52:07.355 10 5 0C13EC6996
 IN: 12:52:07.37  14 3 91692B
OUT: 12:52:07.432 10 5 0A13EC6996
 IN: 12:52:07.45  14 3 91692B
OUT: 12:52:07.494 10 5 3013EC6996
 IN: 12:52:07.513 10 5 0600FF00FF
OUT: 12:52:07.571 10 5 6013ECE817
 IN: 12:52:07.587 14 3 91692B
OUT: 12:52:07.648 10 5 0323DCE817
 IN: 12:52:07.665 14 3 91692B
OUT: 12:52:07.726 10 5 0C23DCE817
 IN: 12:52:07.742 14 3 91692B
OUT: 12:52:07.804 10 5 0A23DCE817
 IN: 12:52:07.822 14 3 91692B
OUT: 12:52:07.881 10 5 3023DCE817
 IN: 12:52:07.898 14 3 91692B
OUT: 12:52:07.944 10 5 6023DCD926
 IN: 12:52:07.959 14 3 91692B
OUT: 12:52:08.022 10 5 0345BAD926
 IN: 12:52:08.041 10 5 0600FF00FF
OUT: 12:52:08.1   10 5 0C45BAD926
 IN: 12:52:08.117 14 3 91692B
OUT: 12:52:08.176 10 5 0A45BAD926
 IN: 12:52:08.194 14 3 91692B
OUT: 12:52:08.253 10 5 3045BAD926
 IN: 12:52:08.27  14 3 91692B
OUT: 12:52:08.331 10 5 6045BA9867
 IN: 12:52:08.348 14 3 91692B
OUT: 12:52:08.392 10 5 036D929867
 IN: 12:52:08.411 14 3 91692B
OUT: 12:52:08.469 10 5 0C6D929867
 IN: 12:52:08.488 10 5 0600FF00FF
OUT: 12:52:08.547 10 5 0A6D929867
 IN: 12:52:08.562 14 3 91692B
OUT: 12:52:08.625 10 5 306D929867
 IN: 12:52:08.642 14 3 91692B
OUT: 12:52:08.702 10 5 606D9220DF
 IN: 12:52:08.717 14 3 91692B
OUT: 12:52:08.779 10 5 037C8320DF
 IN: 12:52:08.795 14 3 91692B
OUT: 12:52:08.857 10 5 0C7C8320DF
 IN: 12:52:08.875 14 3 91692B
OUT: 12:52:08.918 10 5 0A7C8320DF
 IN: 12:52:08.934 14 3 91692B
OUT: 12:52:08.996 10 5 307C8320DF
 IN: 12:52:09.014 10 5 0600FF00FF
OUT: 12:52:09.074 10 5 607C83609F
 IN: 12:52:09.09  14 3 91692B
OUT: 12:52:09.153 10 5 03B44B609F
 IN: 12:52:09.169 14 3 91692B
OUT: 12:52:09.231 10 5 0CB44B609F
 IN: 12:52:09.248 14 3 91692B
OUT: 12:52:09.294 10 5 0AB44B609F
 IN: 12:52:09.311 14 3 91692B
OUT: 12:52:09.371 10 5 30B44B609F
 IN: 12:52:09.388 14 3 91692B
OUT: 12:52:09.448 10 5 60B44B8877
 IN: 12:52:09.465 14 3 91692B
OUT: 12:52:09.526 10 5 03EF108877
 IN: 12:52:09.547 10 5 0600FF00FF
OUT: 12:52:09.604 10 5 0CEF108877
 IN: 12:52:09.621 14 3 91692B
OUT: 12:52:09.682 10 5 0AEF108877
 IN: 12:52:09.698 14 3 91692B
OUT: 12:52:09.744 10 5 30EF108877
 IN: 12:52:09.76  14 3 91692B
OUT: 12:52:09.822 10 5 60EF10B14E
 IN: 12:52:09.839 14 3 91692B
OUT: 12:52:09.899 10 5 030AF5B14E
 IN: 12:52:09.915 14 3 91692B
OUT: 12:52:09.976 10 5 0C0AF5B14E
 IN: 12:52:09.992 14 3 91692B
OUT: 12:52:10.054 10 5 0A0AF5B14E
 IN: 12:52:10.074 10 5 0600FF00FF
OUT: 12:52:10.131 10 5 300AF5B14E
 IN: 12:52:10.148 14 3 91692B
OUT: 12:52:10.208 10 5 600AF56996
 IN: 12:52:10.224 14 3 91692B
OUT: 12:52:10.27  10 5 0313EC6996
 IN: 12:52:10.287 14 3 91692B
OUT: 12:52:10.348 10 5 0C13EC6996
 IN: 12:52:10.365 14 3 91692B
OUT: 12:52:10.427 10 5 0A13EC6996
 IN: 12:52:10.443 14 3 91692B
OUT: 12:52:10.505 10 5 3013EC6996
 IN: 12:52:10.524 10 5 0600FF00FF
OUT: 12:52:10.567 10 5 6013ECE817
 IN: 12:52:10.584 14 3 91692B
OUT: 12:52:10.647 10 5 0323DCE817
 IN: 12:52:10.663 14 3 91692B
OUT: 12:52:10.724 10 5 0C23DCE817
 IN: 12:52:10.741 14 3 91692B
OUT: 12:52:10.801 10 5 0A23DCE817
 IN: 12:52:10.819 14 3 91692B
OUT: 12:52:10.878 10 5 3023DCE817
 IN: 12:52:10.894 14 3 91692B
OUT: 12:52:10.957 10 5 6023DCD926
 IN: 12:52:10.974 14 3 91692B
OUT: 12:52:11.018 10 5 0345BAD926
 IN: 12:52:11.037 10 5 0600FF00FF
OUT: 12:52:11.096 10 5 0C45BAD926
 IN: 12:52:11.113 14 3 91692B
OUT: 12:52:11.175 10 5 0A45BAD926
 IN: 12:52:11.192 14 3 91692B
OUT: 12:52:11.253 10 5 3045BAD926
 IN: 12:52:11.268 14 3 91692B
OUT: 12:52:11.33  10 5 6045BA9867
 IN: 12:52:11.348 14 3 91692B
OUT: 12:52:11.392 10 5 036D929867
 IN: 12:52:11.409 14 3 91692B
OUT: 12:52:11.469 10 5 0C6D929867
 IN: 12:52:11.485 14 3 91692B
OUT: 12:52:11.548 10 5 0A6D929867
 IN: 12:52:11.566 10 5 0600FF00FF
OUT: 12:52:11.626 10 5 306D929867
 IN: 12:52:11.642 14 3 91692B
OUT: 12:52:11.704 10 5 606D9220DF
 IN: 12:52:11.722 14 3 91692B
OUT: 12:52:11.782 10 5 037C8320DF
 IN: 12:52:11.797 14 3 91692B
OUT: 12:52:11.845 10 5 0C7C8320DF
 IN: 12:52:11.861 14 3 91692B
OUT: 12:52:11.924 10 5 0A7C8320DF
 IN: 12:52:11.941 14 3 91692B
OUT: 12:52:12.002 10 5 307C8320DF
 IN: 12:52:12.02  14 3 91692B
OUT: 12:52:12.081 10 5 607C83609F
 IN: 12:52:12.102 10 5 0600FF00FF
OUT: 12:52:12.143 10 5 03B44B609F
 IN: 12:52:12.159 14 3 91692B
OUT: 12:52:12.22  10 5 0CB44B609F
 IN: 12:52:12.235 14 3 91692B
OUT: 12:52:12.297 10 5 0AB44B609F
 IN: 12:52:12.314 14 3 91692B
OUT: 12:52:12.375 10 5 30B44B609F
 IN: 12:52:12.392 14 3 91692B
OUT: 12:52:12.452 10 5 60B44B8877
 IN: 12:52:12.468 14 3 91692B
OUT: 12:52:12.53  10 5 03EF108877
 IN: 12:52:12.547 14 3 91692B
OUT: 12:52:12.607 10 5 0CEF108877
 IN: 12:52:12.625 10 5 0600FF00FF
OUT: 12:52:12.669 10 5 0AEF108877
 IN: 12:52:12.687 14 3 91692B
OUT: 12:52:12.747 10 5 30EF108877
 IN: 12:52:12.762 14 3 91692B
OUT: 12:52:12.822 10 5 60EF10B14E
 IN: 12:52:12.84  14 3 91692B
OUT: 12:52:12.899 10 5 030AF5B14E
 IN: 12:52:12.916 14 3 91692B
OUT: 12:52:12.976 10 5 0C0AF5B14E
 IN: 12:52:12.99  14 3 91692B
OUT: 12:52:13.055 10 5 0A0AF5B14E
 IN: 12:52:13.073 10 5 0600FF00FF
OUT: 12:52:13.132 10 5 300AF5B14E
 IN: 12:52:13.149 14 3 91692B
OUT: 12:52:13.195 10 5 600AF56996
 IN: 12:52:13.212 14 3 91692B
OUT: 12:52:13.273 10 5 0313EC6996
 IN: 12:52:13.29  14 3 91692B
OUT: 12:52:13.351 10 5 0C13EC6996
 IN: 12:52:13.367 14 3 91692B
OUT: 12:52:13.429 10 5 0A13EC6996
 IN: 12:52:13.445 14 3 91692B
OUT: 12:52:13.506 10 5 3013EC6996
 IN: 12:52:13.522 14 3 91692B
OUT: 12:52:13.568 10 5 6013ECE817
 IN: 12:52:13.588 10 5 0600FF00FF
OUT: 12:52:13.647 10 5 0323DCE817
 IN: 12:52:13.664 14 3 91692B
OUT: 12:52:13.725 10 5 0C23DCE817
 IN: 12:52:13.742 14 3 91692B
OUT: 12:52:13.803 10 5 0A23DCE817
 IN: 12:52:13.819 14 3 91692B
OUT: 12:52:13.88  10 5 3023DCE817
 IN: 12:52:13.897 14 3 91692B
OUT: 12:52:13.957 10 5 6023DCD926
 IN: 12:52:13.973 14 3 91692B
OUT: 12:52:14.019 10 5 0345BAD926
 IN: 12:52:14.036 14 3 91692B
OUT: 12:52:14.098 10 5 0C45BAD926
 IN: 12:52:14.117 10 5 0600FF00FF
OUT: 12:52:14.175 10 5 0A45BAD926
 IN: 12:52:14.191 14 3 91692B
OUT: 12:52:14.253 10 5 3045BAD926
 IN: 12:52:14.271 14 3 91692B
OUT: 12:52:14.331 10 5 6045BA9867
 IN: 12:52:14.346 14 3 91692B
OUT: 12:52:14.393 10 5 036D929867
 IN: 12:52:14.408 14 3 91692B
OUT: 12:52:14.471 10 5 0C6D929867
 IN: 12:52:14.487 14 3 91692B
OUT: 12:52:14.55  10 5 0A6D929867
 IN: 12:52:14.567 14 3 91692B
OUT: 12:52:14.628 10 5 306D929867
 IN: 12:52:14.649 10 5 0600FF00FF
OUT: 12:52:14.707 10 5 606D9220DF
 IN: 12:52:14.724 14 3 91692B
OUT: 12:52:14.768 10 5 037C8320DF
 IN: 12:52:14.786 14 3 91692B
OUT: 12:52:14.846 10 5 0C7C8320DF
 IN: 12:52:14.862 14 3 91692B
OUT: 12:52:14.923 10 5 0A7C8320DF
 IN: 12:52:14.941 14 3 91692B
OUT: 12:52:15.001 10 5 307C8320DF
 IN: 12:52:15.017 14 3 91692B
OUT: 12:52:15.079 10 5 607C83609F
 IN: 12:52:15.098 10 5 0600FF00FF
OUT: 12:52:15.157 10 5 03B44B609F
 IN: 12:52:15.176 14 3 91692B
OUT: 12:52:15.219 10 5 0CB44B609F
 IN: 12:52:15.236 14 3 91692B
OUT: 12:52:15.298 10 5 0AB44B609F
 IN: 12:52:15.315 14 3 91692B
OUT: 12:52:15.375 10 5 30B44B609F
 IN: 12:52:15.391 14 3 91692B
OUT: 12:52:15.452 10 5 60B44B8877
 IN: 12:52:15.468 14 3 91692B
OUT: 12:52:15.53  10 5 03EF108877
 IN: 12:52:15.546 14 3 91692B
OUT: 12:52:15.593 10 5 0CEF108877
 IN: 12:52:15.61  10 5 0600FF00FF
OUT: 12:52:15.671 10 5 0AEF108877
 IN: 12:52:15.687 14 3 91692B
OUT: 12:52:15.749 10 5 30EF108877
 IN: 12:52:15.765 14 3 91692B
OUT: 12:52:15.826 10 5 60EF10B14E
 IN: 12:52:15.843 14 3 91692B
OUT: 12:52:15.903 10 5 030AF5B14E
 IN: 12:52:15.918 14 3 91692B
OUT: 12:52:15.981 10 5 0C0AF5B14E
 IN: 12:52:15.998 14 3 91692B
OUT: 12:52:16.043 10 5 0A0AF5B14E
 IN: 12:52:16.059 14 3 91692B
OUT: 12:52:16.12  10 5 300AF5B14E
 IN: 12:52:16.137 10 5 0600FF00FF
OUT: 12:52:16.197 10 5 600AF56996
 IN: 12:52:16.214 14 3 91692B
OUT: 12:52:16.276 10 5 0313EC6996
 IN: 12:52:16.294 14 3 91692B
OUT: 12:52:16.354 10 5 0C13EC6996
 IN: 12:52:16.37  14 3 91692B
OUT: 12:52:16.432 10 5 0A13EC6996
 IN: 12:52:16.45  14 3 91692B
OUT: 12:52:16.494 10 5 3013EC6996
 IN: 12:52:16.509 14 3 91692B
OUT: 12:52:16.572 10 5 6013ECE817
 IN: 12:52:16.588 14 3 91692B
OUT: 12:52:16.649 10 5 0323DCE817
 IN: 12:52:16.668 10 5 0600FF00FF
OUT: 12:52:16.727 10 5 0C23DCE817
 IN: 12:52:16.744 14 3 91692B
OUT: 12:52:16.806 10 5 0A23DCE817
 IN: 12:52:16.823 14 3 91692B
OUT: 12:52:16.869 10 5 3023DCE817
 IN: 12:52:16.885 14 3 91692B
OUT: 12:52:16.947 10 5 6023DCD926
 IN: 12:52:16.963 14 3 91692B
OUT: 12:52:17.025 10 5 0345BAD926
 IN: 12:52:17.042 14 3 91692B
OUT: 12:52:17.103 10 5 0C45BAD926
 IN: 12:52:17.118 14 3 91692B
OUT: 12:52:17.18  10 5 0A45BAD926
 IN: 12:52:17.199 10 5 0600FF00FF
OUT: 12:52:17.242 10 5 3045BAD926
 IN: 12:52:17.259 14 3 91692B
OUT: 12:52:17.321 10 5 6045BA9867
 IN: 12:52:17.337 14 3 91692B
OUT: 12:52:17.399 10 5 036D929867
 IN: 12:52:17.416 14 3 91692B
OUT: 12:52:17.477 10 5 0C6D929867
 IN: 12:52:17.492 14 3 91692B
OUT: 12:52:17.554 10 5 0A6D929867
 IN: 12:52:17.571 14 3 91692B
OUT: 12:52:17.632 10 5 306D929867
 IN: 12:52:17.651 10 5 0600FF00FF
OUT: 12:52:17.695 10 5 606D9220DF
 IN: 12:52:17.713 14 3 91692B
OUT: 12:52:17.773 10 5 037C8320DF
 IN: 12:52:17.789 14 3 91692B
OUT: 12:52:17.85  10 5 0C7C8320DF
 IN: 12:52:17.868 14 3 91692B
OUT: 12:52:17.928 10 5 0A7C8320DF
 IN: 12:52:17.944 14 3 91692B
OUT: 12:52:18.006 10 5 307C8320DF
 IN: 12:52:18.023 14 3 91692B
OUT: 12:52:18.068 10 5 607C83609F
 IN: 12:52:18.083 14 3 91692B
OUT: 12:52:18.146 10 5 03B44B609F
 IN: 12:52:18.164 10 5 0600FF00FF
OUT: 12:52:18.224 10 5 0CB44B609F
 IN: 12:52:18.242 14 3 91692B
OUT: 12:52:18.301 10 5 0AB44B609F
 IN: 12:52:18.317 14 3 91692B
OUT: 12:52:18.379 10 5 30B44B609F
 IN: 12:52:18.395 14 3 91692B
OUT: 12:52:18.456 10 5 60B44B8877
 IN: 12:52:18.473 14 3 91692B
OUT: 12:52:18.518 10 5 03EF108877
 IN: 12:52:18.535 14 3 91692B
OUT: 12:52:18.597 10 5 0CEF108877
 IN: 12:52:18.614 14 3 91692B
OUT: 12:52:18.675 10 5 0AEF108877
 IN: 12:52:18.696 10 5 0600FF00FF
OUT: 12:52:18.752 10 5 30EF108877
 IN: 12:52:18.77  14 3 91692B
OUT: 12:52:18.829 10 5 60EF10B14E
 IN: 12:52:18.845 14 3 91692B
OUT: 12:52:18.906 10 5 030AF5B14E
 IN: 12:52:18.923 14 3 91692B
OUT: 12:52:18.967 10 5 0C0AF5B14E
 IN: 12:52:18.982 14 3 91692B
OUT: 12:52:19.045 10 5 0A0AF5B14E
 IN: 12:52:19.062 14 3 91692B
OUT: 12:52:19.123 10 5 300AF5B14E
 IN: 12:52:19.142 14 3 91692B
OUT: 12:52:19.201 10 5 600AF56996
 IN: 12:52:19.219 10 5 0600FF00FF
OUT: 12:52:19.279 10 5 0313EC6996
 IN: 12:52:19.297 14 3 91692B
OUT: 12:52:19.357 10 5 0C13EC6996
 IN: 12:52:19.372 14 3 91692B
OUT: 12:52:19.419 10 5 0A13EC6996
 IN: 12:52:19.436 14 3 91692B
OUT: 12:52:19.498 10 5 3013EC6996
 IN: 12:52:19.516 14 3 91692B
OUT: 12:52:19.575 10 5 6013ECE817
 IN: 12:52:19.591 14 3 91692B
OUT: 12:52:19.653 10 5 0323DCE817
 IN: 12:52:19.669 14 3 91692B
OUT: 12:52:19.73  10 5 0C23DCE817
 IN: 12:52:19.75  10 5 0600FF00FF
OUT: 12:52:19.792 10 5 0A23DCE817
 IN: 12:52:19.808 14 3 91692B
OUT: 12:52:19.871 10 5 3023DCE817
 IN: 12:52:19.888 14 3 91692B
OUT: 12:52:19.948 10 5 6023DCD926
 IN: 12:52:19.967 14 3 91692B
OUT: 12:52:20.026 10 5 0345BAD926
 IN: 12:52:20.042 14 3 91692B
OUT: 12:52:20.103 10 5 0C45BAD926
 IN: 12:52:20.118 14 3 91692B
OUT: 12:52:20.18  10 5 0A45BAD926
 IN: 12:52:20.198 10 5 0600FF00FF
OUT: 12:52:20.256 10 5 3045BAD926
 IN: 12:52:20.271 14 3 91692B
OUT: 12:52:20.319 10 5 6045BA9867
 IN: 12:52:20.335 14 3 91692B
OUT: 12:52:20.398 10 5 036D929867
 IN: 12:52:20.415 14 3 91692B
OUT: 12:52:20.474 10 5 0C6D929867
 IN: 12:52:20.49  14 3 91692B
OUT: 12:52:20.553 10 5 0A6D929867
 IN: 12:52:20.57  14 3 91692B
OUT: 12:52:20.632 10 5 306D929867
 IN: 12:52:20.65  14 3 91692B
OUT: 12:52:20.694 10 5 606D9220DF
 IN: 12:52:20.713 10 5 0600FF00FF
OUT: 12:52:20.771 10 5 037C8320DF
 IN: 12:52:20.789 14 3 91692B
OUT: 12:52:20.85  10 5 0C7C8320DF
 IN: 12:52:20.865 14 3 91692B
OUT: 12:52:20.927 10 5 0A7C8320DF
 IN: 12:52:20.944 14 3 91692B
OUT: 12:52:21.005 10 5 307C8320DF
 IN: 12:52:21.02  14 3 91692B
OUT: 12:52:21.082 10 5 607C83609F
 IN: 12:52:21.1   14 3 91692B
OUT: 12:52:21.144 10 5 03B44B609F
 IN: 12:52:21.161 14 3 91692B
OUT: 12:52:21.222 10 5 0CB44B609F
 IN: 12:52:21.241 10 5 0600FF00FF
OUT: 12:52:21.299 10 5 0AB44B609F
 IN: 12:52:21.316 14 3 91692B
OUT: 12:52:21.376 10 5 30B44B609F
 IN: 12:52:21.392 14 3 91692B
OUT: 12:52:21.455 10 5 60B44B8877
 IN: 12:52:21.472 14 3 91692B
OUT: 12:52:21.533 10 5 03EF108877
 IN: 12:52:21.547 14 3 91692B
OUT: 12:52:21.595 10 5 0CEF108877
 IN: 12:52:21.611 14 3 91692B
OUT: 12:52:21.672 10 5 0AEF108877
 IN: 12:52:21.689 14 3 91692B
OUT: 12:52:21.749 10 5 30EF108877
 IN: 12:52:21.768 10 5 0600FF00FF
OUT: 12:52:21.827 10 5 60EF10B14E
 IN: 12:52:21.844 14 3 91692B
OUT: 12:52:21.905 10 5 030AF5B14E
 IN: 12:52:21.923 14 3 91692B
OUT: 12:52:21.982 10 5 0C0AF5B14E
 IN: 12:52:21.999 14 3 91692B
OUT: 12:52:22.044 10 5 0A0AF5B14E
 IN: 12:52:22.06  14 3 91692B
OUT: 12:52:22.122 10 5 300AF5B14E
 IN: 12:52:22.138 14 3 91692B
OUT: 12:52:22.2   10 5 600AF56996
 IN: 12:52:22.216 14 3 99606B
OUT: 12:52:22.231 2 2 031F
 IN: 12:52:22.246 10 5 0600FF00FF
OUT: 12:52:22.278 10 5 0313EC6996
 IN: 12:52:22.295 14 3 99606B
OUT: 12:52:22.357 10 5 0C13EC6996
 IN: 12:52:22.373 2 2 0313
OUT: 12:52:22.388 2 1 04
 IN: 12:52:22.401 14 3 99606B
OUT: 12:52:22.419 10 5 0A13EC6996
 IN: 12:52:22.437 2 5 0425CC1E2C
OUT: 12:52:22.449 2 1 01
 IN: 12:52:22.46  14 3 99606B
OUT: 12:52:22.496 10 5 3013EC6996
 IN: 12:52:22.51  2 1 01
OUT: 12:52:22.574 10 5 6013ECE817
 IN: 12:52:22.59  14 3 99606B
OUT: 12:52:22.652 10 5 0323DCE817
 IN: 12:52:22.669 14 3 99606B
OUT: 12:52:22.729 10 5 0C23DCE817
 IN: 12:52:22.747 10 5 0600FF00FF
OUT: 12:52:22.806 10 5 0A23DCE817
 IN: 12:52:22.823 14 3 99606B
OUT: 12:52:22.868 10 5 3023DCE817
 IN: 12:52:22.884 14 3 99606B
OUT: 12:52:22.946 10 5 6023DCD926
 IN: 12:52:22.962 14 3 99606B
OUT: 12:52:23.025 10 5 0345BAD926
 IN: 12:52:23.043 14 3 99606B
OUT: 12:52:23.103 10 5 0C45BAD926
 IN: 12:52:23.119 14 3 99606B
OUT: 12:52:23.181 10 5 0A45BAD926
 IN: 12:52:23.199 10 5 0600FF00FF
OUT: 12:52:23.242 10 5 3045BAD926
 IN: 12:52:23.26  14 3 99606B
OUT: 12:52:23.32  10 5 6045BA9867
 IN: 12:52:23.336 14 3 19E06B
OUT: 12:52:23.398 10 5 036D929867
 IN: 12:52:23.414 14 3 19E06B
OUT: 12:52:23.477 10 5 0C6D929867
 IN: 12:52:23.493 14 3 19E06B
OUT: 12:52:23.556 10 5 0A6D929867
 IN: 12:52:23.571 14 3 19E06B
OUT: 12:52:23.632 10 5 306D929867
 IN: 12:52:23.65  14 3 19E06B
OUT: 12:52:23.694 10 5 606D9220DF
 IN: 12:52:23.712 10 5 0600FF00FF
OUT: 12:52:23.772 10 5 037C8320DF
 IN: 12:52:23.79  14 3 19E06B
OUT: 12:52:23.851 10 5 0C7C8320DF
 IN: 12:52:23.867 14 3 19E06B
OUT: 12:52:23.93  10 5 0A7C8320DF
 IN: 12:52:23.944 14 3 19E06B
OUT: 12:52:23.992 10 5 307C8320DF
 IN: 12:52:24.008 14 3 19E06B
OUT: 12:52:24.07  10 5 607C83609F
 IN: 12:52:24.088 14 3 19E06B
OUT: 12:52:24.148 10 5 03B44B609F
 IN: 12:52:24.165 14 3 19E06B
OUT: 12:52:24.225 10 5 0CB44B609F
 IN: 12:52:24.243 10 5 0600FF00FF
OUT: 12:52:24.303 10 5 0AB44B609F
 IN: 12:52:24.319 14 3 99606B
OUT: 12:52:24.334 2 2 031F
 IN: 12:52:24.349 14 3 99606B
OUT: 12:52:24.379 10 5 30B44B609F
 IN: 12:52:24.395 2 2 0313
OUT: 12:52:24.41  2 1 04
 IN: 12:52:24.423 14 3 99606B
OUT: 12:52:24.457 10 5 60B44B8877
 IN: 12:52:24.476 2 5 0425CC1E2C
OUT: 12:52:24.487 2 1 01
 IN: 12:52:24.5   14 3 99606B
OUT: 12:52:24.518 10 5 03EF108877
 IN: 12:52:24.532 2 1 01
OUT: 12:52:24.596 10 5 0CEF108877
 IN: 12:52:24.613 14 3 99606B
OUT: 12:52:24.673 10 5 0AEF108877
 IN: 12:52:24.689 14 3 99606B
OUT: 12:52:24.751 10 5 30EF108877
 IN: 12:52:24.771 10 5 0600FF00FF
OUT: 12:52:24.828 10 5 60EF10B14E
 IN: 12:52:24.846 14 3 99606B
OUT: 12:52:24.905 10 5 030AF5B14E
 IN: 12:52:24.92  14 3 99606B
OUT: 12:52:24.968 10 5 0C0AF5B14E
 IN: 12:52:24.983 14 3 19E06B
OUT: 12:52:25.047 10 5 0A0AF5B14E
 IN: 12:52:25.063 14 3 19E06B
OUT: 12:52:25.125 10 5 300AF5B14E
 IN: 12:52:25.141 14 3 19E06B
OUT: 12:52:25.201 10 5 600AF56996
 IN: 12:52:25.218 14 3 19E06B
OUT: 12:52:25.278 10 5 0313EC6996
 IN: 12:52:25.297 10 5 0600FF00FF
OUT: 12:52:25.357 10 5 0C13EC6996
 IN: 12:52:25.374 14 3 19E06B
OUT: 12:52:25.419 10 5 0A13EC6996
 IN: 12:52:25.435 14 3 19E06B
OUT: 12:52:25.498 10 5 3013EC6996
 IN: 12:52:25.513 14 3 19E06B
OUT: 12:52:25.575 10 5 6013ECE817
 IN: 12:52:25.593 14 3 99606B
OUT: 12:52:25.605 2 2 031F
 IN: 12:52:25.62  14 3 99606B
OUT: 12:52:25.652 10 5 0323DCE817
 IN: 12:52:25.668 2 2 0313
OUT: 12:52:25.683 2 1 04
 IN: 12:52:25.696 14 3 99606B
OUT: 12:52:25.729 10 5 0C23DCE817
 IN: 12:52:25.748 2 5 0425CC1E2C
OUT: 12:52:25.76  2 1 01
 IN: 12:52:25.772 14 3 99606B
OUT: 12:52:25.806 10 5 0A23DCE817
 IN: 12:52:25.819 2 1 01
OUT: 12:52:25.883 10 5 3023DCE817
 IN: 12:52:25.899 14 3 99606B
OUT: 12:52:25.945 10 5 6023DCD926
 IN: 12:52:25.963 14 3 99606B
OUT: 12:52:26.023 10 5 0345BAD926
 IN: 12:52:26.042 10 5 0600FF00FF
OUT: 12:52:26.102 10 5 0C45BAD926
 IN: 12:52:26.118 14 3 99606B
OUT: 12:52:26.179 10 5 0A45BAD926
 IN: 12:52:26.195 14 3 99606B
OUT: 12:52:26.256 10 5 3045BAD926
 IN: 12:52:26.273 14 3 99606B
OUT: 12:52:26.332 10 5 6045BA9867
 IN: 12:52:26.348 14 3 99606B
OUT: 12:52:26.394 10 5 036D929867
 IN: 12:52:26.41  14 3 99606B
OUT: 12:52:26.472 10 5 0C6D929867
 IN: 12:52:26.489 14 3 99606B
OUT: 12:52:26.551 10 5 0A6D929867
 IN: 12:52:26.569 10 5 0600FF00FF
OUT: 12:52:26.628 10 5 306D929867
 IN: 12:52:26.643 14 3 99606B
OUT: 12:52:26.706 10 5 606D9220DF
 IN: 12:52:26.722 14 3 19E06B
OUT: 12:52:26.769 10 5 037C8320DF
 IN: 12:52:26.786 14 3 19E06B
OUT: 12:52:26.846 10 5 0C7C8320DF
 IN: 12:52:26.864 14 3 19E06B
OUT: 12:52:26.923 10 5 0A7C8320DF
 IN: 12:52:26.939 14 3 19E06B
OUT: 12:52:27.002 10 5 307C8320DF
 IN: 12:52:27.021 10 5 0600FF00FF
OUT: 12:52:27.08  10 5 607C83609F
 IN: 12:52:27.097 14 3 19E06B
OUT: 12:52:27.142 10 5 03B44B609F
 IN: 12:52:27.16  14 3 19E06B
OUT: 12:52:27.221 10 5 0CB44B609F
 IN: 12:52:27.238 14 3 19E06B
OUT: 12:52:27.298 10 5 0AB44B609F
 IN: 12:52:27.314 14 3 99606B
OUT: 12:52:27.328 2 2 031F
 IN: 12:52:27.341 14 3 99606B
OUT: 12:52:27.375 10 5 30B44B609F
 IN: 12:52:27.391 2 2 0313
OUT: 12:52:27.407 2 1 04
 IN: 12:52:27.421 14 3 99606B
OUT: 12:52:27.454 10 5 60B44B8877
 IN: 12:52:27.474 2 5 0425CC1E2C
OUT: 12:52:27.485 2 1 01
 IN: 12:52:27.499 14 3 99606B
OUT: 12:52:27.532 10 5 03EF108877
 IN: 12:52:27.546 2 1 01
OUT: 12:52:27.595 10 5 0CEF108877
 IN: 12:52:27.611 14 3 99606B
OUT: 12:52:27.673 10 5 0AEF108877
 IN: 12:52:27.691 14 3 99606B
OUT: 12:52:27.752 10 5 30EF108877
 IN: 12:52:27.769 10 5 0600FF00FF
OUT: 12:52:27.831 10 5 60EF10B14E
 IN: 12:52:27.847 14 3 99606B
OUT: 12:52:27.894 10 5 030AF5B14E
 IN: 12:52:27.91  14 3 99606B
OUT: 12:52:27.971 10 5 0C0AF5B14E
 IN: 12:52:27.988 14 3 99606B
OUT: 12:52:28.048 10 5 0A0AF5B14E
 IN: 12:52:28.065 14 3 91692B
OUT: 12:52:28.127 14 2 0000
 IN: 12:52:28.141 14 3 91692B
OUT: 12:52:28.205 10 5 300AF5B14E
 IN: 12:52:28.225 10 5 0600FF00FF
OUT: 12:52:28.282 10 5 600AF56996
 IN: 12:52:28.298 14 3 91692B
OUT: 12:52:28.343 10 5 0313EC6996
 IN: 12:52:28.36  14 3 91692B
OUT: 12:52:28.422 10 5 0C13EC6996
 IN: 12:52:28.438 14 3 91692B
OUT: 12:52:28.499 10 5 0A13EC6996
 IN: 12:52:28.515 14 3 91692B
OUT: 12:52:28.576 10 5 3013EC6996
 IN: 12:52:28.595 14 3 91692B
OUT: 12:52:28.654 10 5 6013ECE817
 IN: 12:52:28.67  14 3 91692B
OUT: 12:52:28.731 10 5 0323DCE817
 IN: 12:52:28.75  10 5 0600FF00FF
OUT: 12:52:28.793 10 5 0C23DCE817
 IN: 12:52:28.81  14 3 91692B
OUT: 12:52:28.872 10 5 0A23DCE817
 IN: 12:52:28.888 14 3 91692B
OUT: 12:52:28.95  10 5 3023DCE817
 IN: 12:52:28.969 14 3 91692B
OUT: 12:52:29.029 10 5 6023DCD926
 IN: 12:52:29.045 14 3 91692B
OUT: 12:52:29.107 10 5 0345BAD926
 IN: 12:52:29.124 14 3 91692B
OUT: 12:52:29.168 10 5 0C45BAD926
 IN: 12:52:29.186 14 3 91692B
OUT: 12:52:29.247 10 5 0A45BAD926
 IN: 12:52:29.266 10 5 0600FF00FF
OUT: 12:52:29.324 10 5 3045BAD926
 IN: 12:52:29.341 14 3 91692B
OUT: 12:52:29.402 10 5 6045BA9867
 IN: 12:52:29.419 14 3 91692B
OUT: 12:52:29.481 10 5 036D929867
 IN: 12:52:29.498 14 3 91692B
OUT: 12:52:29.542 10 5 0C6D929867
 IN: 12:52:29.56  14 3 91692B
OUT: 12:52:29.62  10 5 0A6D929867
 IN: 12:52:29.637 14 3 91692B
OUT: 12:52:29.698 10 5 306D929867
 IN: 12:52:29.715 14 3 91692B
OUT: 12:52:29.776 10 5 606D9220DF
 IN: 12:52:29.796 10 5 0600FF00FF
OUT: 12:52:29.855 10 5 037C8320DF
 IN: 12:52:29.872 14 3 91692B
OUT: 12:52:29.932 10 5 0C7C8320DF
 IN: 12:52:29.948 14 3 91692B
OUT: 12:52:29.994 10 5 0A7C8320DF
 IN: 12:52:30.009 14 3 91692B
OUT: 12:52:30.073 10 5 307C8320DF
 IN: 12:52:30.089 14 3 91692B
OUT: 12:52:30.15  10 5 607C83609F
 IN: 12:52:30.169 14 3 91692B
OUT: 12:52:30.227 10 5 03B44B609F
 IN: 12:52:30.244 14 3 91692B
OUT: 12:52:30.305 10 5 0CB44B609F
 IN: 12:52:30.324 10 5 0600FF00FF
OUT: 12:52:30.368 10 5 0AB44B609F
 IN: 12:52:30.383 14 3 91692B
OUT: 12:52:30.445 10 5 30B44B609F
 IN: 12:52:30.461 14 3 91692B
OUT: 12:52:30.524 10 5 60B44B8877
 IN: 12:52:30.541 14 3 91692B
OUT: 12:52:30.602 10 5 03EF108877
 IN: 12:52:30.618 14 3 91692B
OUT: 12:52:30.678 10 5 0CEF108877
 IN: 12:52:30.696 14 3 91692B
OUT: 12:52:30.756 10 5 0AEF108877
 IN: 12:52:30.774 10 5 0600FF00FF
OUT: 12:52:30.818 10 5 30EF108877
 IN: 12:52:30.835 14 3 91692B
OUT: 12:52:30.897 10 5 60EF10B14E
 IN: 12:52:30.915 14 3 91692B
OUT: 12:52:30.975 10 5 030AF5B14E
 IN: 12:52:30.99  14 3 91692B
OUT: 12:52:31.052 10 5 0C0AF5B14E
 IN: 12:52:31.07  14 3 91692B
OUT: 12:52:31.129 10 5 0A0AF5B14E
 IN: 12:52:31.146 14 3 91692B
OUT: 12:52:31.206 10 5 300AF5B14E
 IN: 12:52:31.223 14 3 91692B
OUT: 12:52:31.268 10 5 600AF56996
 IN: 12:52:31.287 10 5 0600FF00FF
OUT: 12:52:31.347 10 5 0313EC6996
 IN: 12:52:31.364 14 3 91692B
OUT: 12:52:31.424 10 5 0C13EC6996
 IN: 12:52:31.442 14 3 91692B
OUT: 12:52:31.501 10 5 0A13EC6996
 IN: 12:52:31.517 14 3 91692B
OUT: 12:52:31.578 10 5 3013EC6996
 IN: 12:52:31.594 14 3 91692B
OUT: 12:52:31.655 10 5 6013ECE817
 IN: 12:52:31.671 14 3 91692B
OUT: 12:52:31.732 10 5 0323DCE817
 IN: 12:52:31.748 14 3 91692B
OUT: 12:52:31.793 10 5 0C23DCE817
 IN: 12:52:31.814 10 5 0600FF00FF
OUT: 12:52:31.871 10 5 0A23DCE817
 IN: 12:52:31.888 14 3 91692B
OUT: 12:52:31.949 10 5 3023DCE817
 IN: 12:52:31.966 14 3 91692B
OUT: 12:52:32.026 10 5 6023DCD926
 IN: 12:52:32.043 14 3 91692B
OUT: 12:52:32.105 10 5 0345BAD926
 IN: 12:52:32.121 14 3 91692B
OUT: 12:52:32.182 10 5 0C45BAD926
 IN: 12:52:32.198 14 3 91692B
OUT: 12:52:32.243 10 5 0A45BAD926
 IN: 12:52:32.26  14 3 91692B
OUT: 12:52:32.322 10 5 3045BAD926
 IN: 12:52:32.341 10 5 0600FF00FF
OUT: 12:52:32.399 10 5 6045BA9867
 IN: 12:52:32.415 14 3 91692B
OUT: 12:52:32.477 10 5 036D929867
 IN: 12:52:32.494 14 3 91692B
OUT: 12:52:32.555 10 5 0C6D929867
 IN: 12:52:32.572 14 3 91692B
OUT: 12:52:32.632 10 5 0A6D929867
 IN: 12:52:32.65  14 3 91692B
OUT: 12:52:32.693 10 5 306D929867
 IN: 12:52:32.709 14 3 91692B
OUT: 12:52:32.771 10 5 606D9220DF
 IN: 12:52:32.787 14 3 91692B
OUT: 12:52:32.848 10 5 037C8320DF
 IN: 12:52:32.869 10 5 0600FF00FF
OUT: 12:52:32.926 10 5 0C7C8320DF
 IN: 12:52:32.943 14 3 91692B
OUT: 12:52:33.005 10 5 0A7C8320DF
 IN: 12:52:33.02  14 3 91692B
OUT: 12:52:33.068 10 5 307C8320DF
 IN: 12:52:33.085 14 3 91692B
OUT: 12:52:33.146 10 5 607C83609F
 IN: 12:52:33.163 14 3 91692B
OUT: 12:52:33.224 10 5 03B44B609F
 IN: 12:52:33.241 14 3 91692B
OUT: 12:52:33.302 10 5 0CB44B609F
 IN: 12:52:33.323 10 5 0600FF00FF
OUT: 12:52:33.378 10 5 0AB44B609F
 IN: 12:52:33.395 14 3 91692B
OUT: 12:52:33.457 10 5 30B44B609F
 IN: 12:52:33.474 14 3 91692B
OUT: 12:52:33.519 10 5 60B44B8877
 IN: 12:52:33.535 14 3 91692B
OUT: 12:52:33.597 10 5 03EF108877
 IN: 12:52:33.615 14 3 91692B
OUT: 12:52:33.674 10 5 0CEF108877
 IN: 12:52:33.69  14 3 91692B
OUT: 12:52:33.752 10 5 0AEF108877
 IN: 12:52:33.77  14 3 91692B
OUT: 12:52:33.829 10 5 30EF108877
 IN: 12:52:33.847 10 5 0600FF00FF
OUT: 12:52:33.906 10 5 60EF10B14E
 IN: 12:52:33.923 14 3 91692B
OUT: 12:52:33.982 10 5 030AF5B14E
 IN: 12:52:33.999 14 3 91692B
OUT: 12:52:34.044 10 5 0C0AF5B14E
 IN: 12:52:34.061 14 3 91692B
OUT: 12:52:34.122 10 5 0A0AF5B14E
 IN: 12:52:34.138 14 3 91692B
OUT: 12:52:34.199 10 5 300AF5B14E
 IN: 12:52:34.216 14 3 91692B
OUT: 12:52:34.276 10 5 600AF56996
 IN: 12:52:34.291 14 3 91692B
OUT: 12:52:34.355 10 5 0313EC6996
 IN: 12:52:34.373 10 5 0600FF00FF
OUT: 12:52:34.432 10 5 0C13EC6996
 IN: 12:52:34.447 14 3 91692B
OUT: 12:52:34.494 10 5 0A13EC6996
 IN: 12:52:34.51  14 3 91692B
OUT: 12:52:34.572 10 5 3013EC6996
 IN: 12:52:34.589 14 3 91692B
OUT: 12:52:34.65  10 5 6013ECE817
 IN: 12:52:34.665 14 3 91692B
OUT: 12:52:34.728 10 5 0323DCE817
 IN: 12:52:34.745 14 3 91692B
OUT: 12:52:34.806 10 5 0C23DCE817
 IN: 12:52:34.822 14 3 91692B
OUT: 12:52:34.882 10 5 0A23DCE817
 IN: 12:52:34.9   10 5 0600FF00FF
OUT: 12:52:34.944 10 5 3023DCE817
 IN: 12:52:34.96  14 3 91692B
OUT: 12:52:35.021 10 5 6023DCD926
 IN: 12:52:35.037 14 3 91692B
OUT: 12:52:35.1   10 5 0345BAD926
 IN: 12:52:35.117 14 3 91692B
OUT: 12:52:35.177 10 5 0C45BAD926
 IN: 12:52:35.193 14 3 91692B
OUT: 12:52:35.255 10 5 0A45BAD926
 IN: 12:52:35.272 14 3 91692B
OUT: 12:52:35.318 10 5 3045BAD926
 IN: 12:52:35.334 14 3 91692B
OUT: 12:52:35.396 10 5 6045BA9867
 IN: 12:52:35.415 10 5 0600FF00FF
OUT: 12:52:35.475 10 5 036D929867
 IN: 12:52:35.491 14 3 91692B
OUT: 12:52:35.553 10 5 0C6D929867
 IN: 12:52:35.571 14 3 91692B
OUT: 12:52:35.631 10 5 0A6D929867
 IN: 12:52:35.646 14 3 91692B
OUT: 12:52:35.693 10 5 306D929867
 IN: 12:52:35.71  14 3 91692B
OUT: 12:52:35.771 10 5 606D9220DF
 IN: 12:52:35.787 14 3 91692B
OUT: 12:52:35.848 10 5 037C8320DF
 IN: 12:52:35.865 10 5 0600FF00FF
OUT: 12:52:35.926 10 5 0C7C8320DF
 IN: 12:52:35.943 14 3 91692B
OUT: 12:52:36.003 10 5 0A7C8320DF
 IN: 12:52:36.019 14 3 91692B
OUT: 12:52:36.082 10 5 307C8320DF
 IN: 12:52:36.098 14 3 91692B
OUT: 12:52:36.142 10 5 607C83609F
 IN: 12:52:36.16  14 3 91692B
OUT: 12:52:36.22  10 5 03B44B609F
 IN: 12:52:36.237 14 3 91692B
OUT: 12:52:36.298 10 5 0CB44B609F
 IN: 12:52:36.315 14 3 91692B
OUT: 12:52:36.375 10 5 0AB44B609F
 IN: 12:52:36.392 10 5 0600FF00FF
OUT: 12:52:36.453 10 5 30B44B609F
 IN: 12:52:36.47  14 3 91692B
OUT: 12:52:36.531 10 5 60B44B8877
 IN: 12:52:36.548 14 3 91692B
OUT: 12:52:36.595 10 5 03EF108877
 IN: 12:52:36.611 14 3 91692B
OUT: 12:52:36.672 10 5 0CEF108877
 IN: 12:52:36.689 14 3 91692B
OUT: 12:52:36.75  10 5 0AEF108877
 IN: 12:52:36.765 14 3 91692B
OUT: 12:52:36.827 10 5 30EF108877
 IN: 12:52:36.843 14 3 91692B
OUT: 12:52:36.905 10 5 60EF10B14E
 IN: 12:52:36.926 10 5 0600FF00FF
OUT: 12:52:36.968 10 5 030AF5B14E
 IN: 12:52:36.983 14 3 91692B
OUT: 12:52:37.046 10 5 0C0AF5B14E
 IN: 12:52:37.063 14 3 91692B
OUT: 12:52:37.122 10 5 0A0AF5B14E
 IN: 12:52:37.139 14 3 91692B
OUT: 12:52:37.201 10 5 300AF5B14E
 IN: 12:52:37.218 14 3 91692B
OUT: 12:52:37.28  10 5 600AF56996
 IN: 12:52:37.298 14 3 91692B
OUT: 12:52:37.358 10 5 0313EC6996
 IN: 12:52:37.373 14 3 91692B
OUT: 12:52:37.42  10 5 0C13EC6996
 IN: 12:52:37.439 10 5 0600FF00FF
OUT: 12:52:37.497 10 5 0A13EC6996
 IN: 12:52:37.513 14 3 91692B
OUT: 12:52:37.575 10 5 3013EC6996
 IN: 12:52:37.592 14 3 91692B
OUT: 12:52:37.654 10 5 6013ECE817
 IN: 12:52:37.672 14 3 91692B
OUT: 12:52:37.731 10 5 0323DCE817
 IN: 12:52:37.747 14 3 91692B
OUT: 12:52:37.793 10 5 0C23DCE817
 IN: 12:52:37.809 14 3 91692B
OUT: 12:52:37.871 10 5 0A23DCE817
 IN: 12:52:37.89  10 5 0600FF00FF
OUT: 12:52:37.948 10 5 3023DCE817
 IN: 12:52:37.964 14 3 91692B
OUT: 12:52:38.026 10 5 6023DCD926
 IN: 12:52:38.044 14 3 91692B
OUT: 12:52:38.105 10 5 0345BAD926
 IN: 12:52:38.122 14 3 91692B
OUT: 12:52:38.181 10 5 0C45BAD926
 IN: 12:52:38.199 14 3 91692B
OUT: 12:52:38.244 10 5 0A45BAD926
 IN: 12:52:38.259 14 3 91692B
OUT: 12:52:38.322 10 5 3045BAD926
 IN: 12:52:38.338 14 3 91692B
OUT: 12:52:38.401 10 5 6045BA9867
 IN: 12:52:38.42  10 5 0600FF00FF
OUT: 12:52:38.478 10 5 036D929867
 IN: 12:52:38.494 14 3 91692B
OUT: 12:52:38.556 10 5 0C6D929867
 IN: 12:52:38.573 14 3 91692B
OUT: 12:52:38.619 10 5 0A6D929867
 IN: 12:52:38.635 14 3 91692B
OUT: 12:52:38.697 10 5 306D929867
 IN: 12:52:38.712 14 3 91692B
OUT: 12:52:38.777 10 5 606D9220DF
 IN: 12:52:38.792 14 3 91692B
OUT: 12:52:38.855 10 5 037C8320DF
 IN: 12:52:38.872 14 3 91692B
OUT: 12:52:38.932 10 5 0C7C8320DF
 IN: 12:52:38.949 10 5 0600FF00FF
OUT: 12:52:38.994 10 5 0A7C8320DF
 IN: 12:52:39.011 14 3 91692B
OUT: 12:52:39.072 10 5 307C8320DF
 IN: 12:52:39.089 14 3 91692B
OUT: 12:52:39.15  10 5 607C83609F
 IN: 12:52:39.166 14 3 91692B
OUT: 12:52:39.23  10 5 03B44B609F
 IN: 12:52:39.246 14 3 91692B
OUT: 12:52:39.292 10 5 0CB44B609F
 IN: 12:52:39.31  14 3 91692B
OUT: 12:52:39.37  10 5 0AB44B609F
 IN: 12:52:39.384 14 3 91692B
OUT: 12:52:39.448 10 5 30B44B609F
 IN: 12:52:39.465 10 5 0600FF00FF
OUT: 12:52:39.525 10 5 60B44B8877
 IN: 12:52:39.54  14 3 91692B
OUT: 12:52:39.603 10 5 03EF108877
 IN: 12:52:39.62  14 3 91692B
OUT: 12:52:39.681 10 5 0CEF108877
 IN: 12:52:39.698 14 3 91692B
OUT: 12:52:39.742 10 5 0AEF108877
 IN: 12:52:39.757 14 3 91692B
OUT: 12:52:39.821 10 5 30EF108877
 IN: 12:52:39.836 14 3 91692B
OUT: 12:52:39.899 10 5 60EF10B14E
 IN: 12:52:39.916 14 3 91692B
OUT: 12:52:39.977 10 5 030AF5B14E
 IN: 12:52:39.994 10 5 0600FF00FF
OUT: 12:52:40.055 10 5 0C0AF5B14E
 IN: 12:52:40.072 14 3 91692B
OUT: 12:52:40.131 10 5 0A0AF5B14E
 IN: 12:52:40.147 14 3 91692B
OUT: 12:52:40.192 10 5 300AF5B14E
 IN: 12:52:40.209 14 3 91692B
OUT: 12:52:40.271 10 5 600AF56996
 IN: 12:52:40.289 14 3 91692B
OUT: 12:52:40.349 10 5 0313EC6996
 IN: 12:52:40.364 14 3 91692B
OUT: 12:52:40.426 10 5 0C13EC6996
 IN: 12:52:40.445 10 5 0600FF00FF
OUT: 12:52:40.503 10 5 0A13EC6996
 IN: 12:52:40.519 14 3 91692B
OUT: 12:52:40.58  10 5 3013EC6996
 IN: 12:52:40.597 14 3 91692B
OUT: 12:52:40.657 10 5 6013ECE817
 IN: 12:52:40.674 14 3 91692B
OUT: 12:52:40.719 10 5 0323DCE817
 IN: 12:52:40.736 14 3 91692B
OUT: 12:52:40.796 10 5 0C23DCE817
 IN: 12:52:40.812 14 3 91692B
OUT: 12:52:40.873 10 5 0A23DCE817
 IN: 12:52:40.889 14 3 91692B
OUT: 12:52:40.952 10 5 3023DCE817
 IN: 12:52:40.971 10 5 0600FF00FF
OUT: 12:52:41.029 10 5 6023DCD926
 IN: 12:52:41.044 14 3 91692B
OUT: 12:52:41.092 10 5 0345BAD926
 IN: 12:52:41.108 14 3 91692B
OUT: 12:52:41.169 10 5 0C45BAD926
 IN: 12:52:41.186 14 3 91692B
OUT: 12:52:41.247 10 5 0A45BAD926
 IN: 12:52:41.264 14 3 91692B
OUT: 12:52:41.327 10 5 3045BAD926
 IN: 12:52:41.343 14 3 91692B
OUT: 12:52:41.405 10 5 6045BA9867
 IN: 12:52:41.423 14 3 91692B
OUT: 12:52:41.482 10 5 036D929867
 IN: 12:52:41.5   10 5 0600FF00FF
OUT: 12:52:41.542 10 5 0C6D929867
 IN: 12:52:41.56  14 3 91692B
OUT: 12:52:41.622 10 5 0A6D929867
 IN: 12:52:41.638 14 3 91692B
OUT: 12:52:41.7   10 5 306D929867
 IN: 12:52:41.717 14 3 91692B
OUT: 12:52:41.777 10 5 606D9220DF
 IN: 12:52:41.793 14 3 91692B
OUT: 12:52:41.854 10 5 037C8320DF
 IN: 12:52:41.87  14 3 91692B
OUT: 12:52:41.932 10 5 0C7C8320DF
 IN: 12:52:41.952 10 5 0600FF00FF
OUT: 12:52:41.994 10 5 0A7C8320DF
 IN: 12:52:42.01  14 3 91692B
OUT: 12:52:42.072 10 5 307C8320DF
 IN: 12:52:42.089 14 3 91692B
OUT: 12:52:42.149 10 5 607C83609F
 IN: 12:52:42.164 14 3 91692B
OUT: 12:52:42.227 10 5 03B44B609F
 IN: 12:52:42.244 14 3 91692B
OUT: 12:52:42.304 10 5 0CB44B609F
 IN: 12:52:42.32  14 3 91692B
OUT: 12:52:42.382 10 5 0AB44B609F
 IN: 12:52:42.399 14 3 91692B
OUT: 12:52:42.444 10 5 30B44B609F
 IN: 12:52:42.463 10 5 0600FF00FF
OUT: 12:52:42.522 10 5 60B44B8877
 IN: 12:52:42.54  14 3 91692B
OUT: 12:52:42.601 10 5 03EF108877
 IN: 12:52:42.618 14 3 91692B
OUT: 12:52:42.68  10 5 0CEF108877
 IN: 12:52:42.698 14 3 91692B
OUT: 12:52:42.757 10 5 0AEF108877
 IN: 12:52:42.773 14 3 91692B
OUT: 12:52:42.819 10 5 30EF108877
 IN: 12:52:42.835 14 3 91692B
OUT: 12:52:42.896 10 5 60EF10B14E
 IN: 12:52:42.911 14 3 91692B
OUT: 12:52:42.973 10 5 030AF5B14E
 IN: 12:52:42.992 10 5 0600FF00FF
OUT: 12:52:43.05  10 5 0C0AF5B14E
 IN: 12:52:43.066 14 3 91692B
OUT: 12:52:43.128 10 5 0A0AF5B14E
 IN: 12:52:43.145 14 3 91692B
OUT: 12:52:43.206 10 5 300AF5B14E
 IN: 12:52:43.223 14 3 91692B
OUT: 12:52:43.268 10 5 600AF56996
 IN: 12:52:43.283 14 3 91692B
OUT: 12:52:43.345 10 5 0313EC6996
 IN: 12:52:43.362 14 3 91692B
OUT: 12:52:43.422 10 5 0C13EC6996
 IN: 12:52:43.438 14 3 91692B
OUT: 12:52:43.5   10 5 0A13EC6996
 IN: 12:52:43.52  10 5 0600FF00FF
OUT: 12:52:43.578 10 5 3013EC6996
 IN: 12:52:43.593 14 3 91692B
OUT: 12:52:43.655 10 5 6013ECE817
 IN: 12:52:43.673 14 3 99606B
OUT: 12:52:43.685 2 2 031F
 IN: 12:52:43.698 14 3 99606B
OUT: 12:52:43.731 10 5 0323DCE817
 IN: 12:52:43.746 2 2 0313
OUT: 12:52:43.762 2 1 04
 IN: 12:52:43.774 14 3 99606B
OUT: 12:52:43.793 10 5 0C23DCE817
 IN: 12:52:43.81  2 5 0425CC1E2C
OUT: 12:52:43.824 2 1 01
 IN: 12:52:43.833 14 3 99606B
OUT: 12:52:43.871 10 5 0A23DCE817
 IN: 12:52:43.886 2 1 01
OUT: 12:52:43.949 10 5 3023DCE817
 IN: 12:52:43.965 14 3 99606B
OUT: 12:52:44.026 10 5 6023DCD926
 IN: 12:52:44.042 14 3 99606B
OUT: 12:52:44.104 10 5 0345BAD926
 IN: 12:52:44.124 10 5 0600FF00FF
OUT: 12:52:44.182 10 5 0C45BAD926
 IN: 12:52:44.198 14 3 99606B
OUT: 12:52:44.243 10 5 0A45BAD926
 IN: 12:52:44.259 14 3 99606B
OUT: 12:52:44.32  10 5 3045BAD926
 IN: 12:52:44.337 14 3 99606B
OUT: 12:52:44.398 10 5 6045BA9867
 IN: 12:52:44.415 14 3 99606B
OUT: 12:52:44.475 10 5 036D929867
 IN: 12:52:44.493 14 3 99606B
OUT: 12:52:44.553 10 5 0C6D929867
 IN: 12:52:44.57  10 5 0600FF00FF
OUT: 12:52:44.63  10 5 0A6D929867
 IN: 12:52:44.646 14 3 99606B
OUT: 12:52:44.693 10 5 306D929867
 IN: 12:52:44.709 14 3 99606B
OUT: 12:52:44.771 10 5 606D9220DF
 IN: 12:52:44.789 14 3 99606B
OUT: 12:52:44.85  10 5 037C8320DF
 IN: 12:52:44.866 14 3 99606B
OUT: 12:52:44.928 10 5 0C7C8320DF
 IN: 12:52:44.944 14 3 99606B
OUT: 12:52:45.005 10 5 0A7C8320DF
 IN: 12:52:45.02  14 3 99606B
OUT: 12:52:45.083 10 5 307C8320DF
 IN: 12:52:45.101 10 5 0600FF00FF
OUT: 12:52:45.145 10 5 607C83609F
 IN: 12:52:45.163 14 3 99606B
OUT: 12:52:45.223 10 5 03B44B609F
 IN: 12:52:45.239 14 3 99606B
OUT: 12:52:45.3   10 5 0CB44B609F
 IN: 12:52:45.316 14 3 99606B
OUT: 12:52:45.378 10 5 0AB44B609F
 IN: 12:52:45.395 14 3 99606B
OUT: 12:52:45.455 10 5 30B44B609F
 IN: 12:52:45.471 14 3 99606B
OUT: 12:52:45.532 10 5 60B44B8877
 IN: 12:52:45.549 14 3 99606B
OUT: 12:52:45.595 10 5 03EF108877
 IN: 12:52:45.614 10 5 0600FF00FF
OUT: 12:52:45.672 10 5 0CEF108877
 IN: 12:52:45.688 14 3 91692B
OUT: 12:52:45.751 14 2 0000
 IN: 12:52:45.764 14 3 91692B
OUT: 12:52:45.828 10 5 0AEF108877
 IN: 12:52:45.846 14 3 91692B
OUT: 12:52:45.905 10 5 30EF108877
 IN: 12:52:45.921 14 3 91692B
OUT: 12:52:45.982 10 5 60EF10B14E
 IN: 12:52:45.999 14 3 91692B
OUT: 12:52:46.045 10 5 030AF5B14E
 IN: 12:52:46.063 14 3 91692B
OUT: 12:52:46.122 10 5 0C0AF5B14E
 IN: 12:52:46.14  10 5 0600FF00FF
OUT: 12:52:46.201 10 5 0A0AF5B14E
 IN: 12:52:46.218 14 3 91692B
OUT: 12:52:46.279 10 5 300AF5B14E
 IN: 12:52:46.297 14 3 91692B
OUT: 12:52:46.356 10 5 600AF56996
 IN: 12:52:46.373 14 3 91692B
OUT: 12:52:46.418 10 5 0313EC6996
 IN: 12:52:46.434 14 3 91692B
OUT: 12:52:46.496 10 5 0C13EC6996
 IN: 12:52:46.512 14 3 91692B
OUT: 12:52:46.575 10 5 0A13EC6996
 IN: 12:52:46.594 10 5 0600FF00FF
OUT: 12:52:46.653 10 5 3013EC6996
 IN: 12:52:46.667 14 3 91692B
OUT: 12:52:46.731 10 5 6013ECE817
 IN: 12:52:46.747 14 3 91692B
OUT: 12:52:46.793 10 5 0323DCE817
 IN: 12:52:46.81  14 3 91692B
OUT: 12:52:46.871 10 5 0C23DCE817
 IN: 12:52:46.888 14 3 91692B
OUT: 12:52:46.949 10 5 0A23DCE817
 IN: 12:52:46.966 14 3 91692B
OUT: 12:52:47.026 10 5 3023DCE817
 IN: 12:52:47.043 14 3 91692B
OUT: 12:52:47.103 10 5 6023DCD926
 IN: 12:52:47.121 10 5 0600FF00FF
OUT: 12:52:47.181 10 5 0345BAD926
 IN: 12:52:47.198 14 3 91692B
OUT: 12:52:47.243 10 5 0C45BAD926
 IN: 12:52:47.258 14 3 91692B
OUT: 12:52:47.322 10 5 0A45BAD926
 IN: 12:52:47.338 14 3 91692B
OUT: 12:52:47.401 10 5 3045BAD926
 IN: 12:52:47.417 14 3 91692B
OUT: 12:52:47.479 10 5 6045BA9867
 IN: 12:52:47.497 14 3 91692B
OUT: 12:52:47.556 10 5 036D929867
 IN: 12:52:47.573 14 3 91692B
OUT: 12:52:47.619 10 5 0C6D929867
 IN: 12:52:47.638 10 5 0600FF00FF
OUT: 12:52:47.698 10 5 0A6D929867
 IN: 12:52:47.716 14 3 91692B
OUT: 12:52:47.777 10 5 306D929867
 IN: 12:52:47.794 14 3 91692B
OUT: 12:52:47.855 10 5 606D9220DF
 IN: 12:52:47.873 14 3 91692B
OUT: 12:52:47.918 10 5 037C8320DF
 IN: 12:52:47.935 14 3 91692B
OUT: 12:52:47.995 10 5 0C7C8320DF
 IN: 12:52:48.013 14 3 91692B
OUT: 12:52:48.072 10 5 0A7C8320DF
 IN: 12:52:48.09  14 3 91692B
OUT: 12:52:48.15  10 5 307C8320DF
 IN: 12:52:48.168 10 5 0600FF00FF
OUT: 12:52:48.226 10 5 607C83609F
 IN: 12:52:48.241 14 3 91692B
OUT: 12:52:48.304 10 5 03B44B609F
 IN: 12:52:48.321 14 3 91692B
OUT: 12:52:48.38  10 5 0CB44B609F
 IN: 12:52:48.398 14 3 91692B
OUT: 12:52:48.456 10 5 0AB44B609F
 IN: 12:52:48.474 14 3 91692B
OUT: 12:52:48.519 10 5 30B44B609F
 IN: 12:52:48.536 14 3 91692B
OUT: 12:52:48.598 10 5 60B44B8877
 IN: 12:52:48.613 14 3 91692B
OUT: 12:52:48.676 10 5 03EF108877
 IN: 12:52:48.694 10 5 0600FF00FF
OUT: 12:52:48.755 10 5 0CEF108877
 IN: 12:52:48.772 14 3 91692B
OUT: 12:52:48.817 10 5 0AEF108877
 IN: 12:52:48.832 14 3 91692B
OUT: 12:52:48.896 10 5 30EF108877
 IN: 12:52:48.912 14 3 91692B
OUT: 12:52:48.973 10 5 60EF10B14E
 IN: 12:52:48.989 14 3 91692B
OUT: 12:52:49.049 10 5 030AF5B14E
 IN: 12:52:49.065 14 3 91692B
OUT: 12:52:49.127 10 5 0C0AF5B14E
 IN: 12:52:49.147 10 5 0600FF00FF
OUT: 12:52:49.205 10 5 0A0AF5B14E
 IN: 12:52:49.222 14 3 91692B
OUT: 12:52:49.269 10 5 300AF5B14E
 IN: 12:52:49.286 14 3 91692B
OUT: 12:52:49.347 10 5 600AF56996
 IN: 12:52:49.363 14 3 91692B
OUT: 12:52:49.426 10 5 0313EC6996
 IN: 12:52:49.442 14 3 91692B
OUT: 12:52:49.504 10 5 0C13EC6996
 IN: 12:52:49.521 14 3 91692B
OUT: 12:52:49.58  10 5 0A13EC6996
 IN: 12:52:49.599 14 3 91692B
OUT: 12:52:49.642 10 5 3013EC6996
 IN: 12:52:49.662 10 5 0600FF00FF
OUT: 12:52:49.721 10 5 6013ECE817
 IN: 12:52:49.738 14 3 91692B
OUT: 12:52:49.798 10 5 0323DCE817
 IN: 12:52:49.813 14 3 91692B
OUT: 12:52:49.876 10 5 0C23DCE817
 IN: 12:52:49.893 14 3 91692B
OUT: 12:52:49.953 10 5 0A23DCE817
 IN: 12:52:49.968 14 3 91692B
OUT: 12:52:50.032 10 5 3023DCE817
 IN: 12:52:50.048 14 3 91692B
OUT: 12:52:50.093 10 5 6023DCD926
 IN: 12:52:50.109 14 3 91692B
OUT: 12:52:50.171 10 5 0345BAD926
 IN: 12:52:50.192 10 5 0600FF00FF
OUT: 12:52:50.249 10 5 0C45BAD926
 IN: 12:52:50.264 14 3 91692B
OUT: 12:52:50.326 10 5 0A45BAD926
 IN: 12:52:50.344 14 3 91692B
OUT: 12:52:50.402 10 5 3045BAD926
 IN: 12:52:50.42  14 3 91692B
OUT: 12:52:50.481 10 5 6045BA9867
 IN: 12:52:50.496 14 3 91692B
OUT: 12:52:50.543 10 5 036D929867
 IN: 12:52:50.559 14 3 91692B
OUT: 12:52:50.621 10 5 0C6D929867
 IN: 12:52:50.637 14 3 91692B
OUT: 12:52:50.699 10 5 0A6D929867
 IN: 12:52:50.718 10 5 0600FF00FF
OUT: 12:52:50.776 10 5 306D929867
 IN: 12:52:50.792 14 3 91692B
OUT: 12:52:50.854 10 5 606D9220DF
 IN: 12:52:50.872 14 3 91692B
OUT: 12:52:50.931 10 5 037C8320DF
 IN: 12:52:50.948 14 3 91692B
OUT: 12:52:51.007 10 5 0C7C8320DF
 IN: 12:52:51.023 14 3 91692B
OUT: 12:52:51.069 10 5 0A7C8320DF
 IN: 12:52:51.085 14 3 91692B
OUT: 12:52:51.147 10 5 307C8320DF
 IN: 12:52:51.164 14 3 91692B
OUT: 12:52:51.224 10 5 607C83609F
 IN: 12:52:51.242 10 5 0600FF00FF
OUT: 12:52:51.301 10 5 03B44B609F
 IN: 12:52:51.317 14 3 91692B
OUT: 12:52:51.378 10 5 0CB44B609F
 IN: 12:52:51.395 14 3 91692B
OUT: 12:52:51.457 10 5 0AB44B609F
 IN: 12:52:51.475 14 3 91692B
OUT: 12:52:51.519 10 5 30B44B609F
 IN: 12:52:51.536 14 3 91692B
OUT: 12:52:51.597 10 5 60B44B8877
 IN: 12:52:51.614 14 3 91692B
OUT: 12:52:51.675 10 5 03EF108877
 IN: 12:52:51.694 10 5 0600FF00FF
OUT: 12:52:51.752 10 5 0CEF108877
 IN: 12:52:51.767 14 3 91692B
OUT: 12:52:51.829 10 5 0AEF108877
 IN: 12:52:51.846 14 3 91692B
OUT: 12:52:51.908 10 5 30EF108877
 IN: 12:52:51.925 14 3 91692B
OUT: 12:52:51.97  10 5 60EF10B14E
 IN: 12:52:51.986 14 3 91692B
OUT: 12:52:52.048 10 5 030AF5B14E
 IN: 12:52:52.066 14 3 91692B
OUT: 12:52:52.127 10 5 0C0AF5B14E
 IN: 12:52:52.143 14 3 91692B
OUT: 12:52:52.205 10 5 0A0AF5B14E
 IN: 12:52:52.223 10 5 0600FF00FF
OUT: 12:52:52.268 10 5 300AF5B14E
 IN: 12:52:52.284 14 3 91692B
OUT: 12:52:52.345 10 5 600AF56996
 IN: 12:52:52.36  14 3 91692B
OUT: 12:52:52.423 10 5 0313EC6996
 IN: 12:52:52.44  14 3 91692B
OUT: 12:52:52.501 10 5 0C13EC6996
 IN: 12:52:52.519 14 3 91692B
OUT: 12:52:52.578 10 5 0A13EC6996
 IN: 12:52:52.594 14 3 91692B
OUT: 12:52:52.657 10 5 3013EC6996
 IN: 12:52:52.675 14 3 91692B
OUT: 12:52:52.719 10 5 6013ECE817
 IN: 12:52:52.738 10 5 0600FF00FF
OUT: 12:52:52.798 10 5 0323DCE817
 IN: 12:52:52.814 14 3 91692B
OUT: 12:52:52.875 10 5 0C23DCE817
 IN: 12:52:52.891 14 3 91692B
OUT: 12:52:52.952 10 5 0A23DCE817
 IN: 12:52:52.969 14 3 91692B
OUT: 12:52:53.03  10 5 3023DCE817
 IN: 12:52:53.047 14 3 91692B
OUT: 12:52:53.106 10 5 6023DCD926
 IN: 12:52:53.122 14 3 91692B
OUT: 12:52:53.168 10 5 0345BAD926
 IN: 12:52:53.184 14 3 91692B
OUT: 12:52:53.245 10 5 0C45BAD926
 IN: 12:52:53.265 10 5 0600FF00FF
OUT: 12:52:53.323 10 5 0A45BAD926
 IN: 12:52:53.339 14 3 91692B
OUT: 12:52:53.399 10 5 3045BAD926
 IN: 12:52:53.415 14 3 91692B
OUT: 12:52:53.478 10 5 6045BA9867
 IN: 12:52:53.494 14 3 91692B
OUT: 12:52:53.557 10 5 036D929867
 IN: 12:52:53.574 14 3 91692B
OUT: 12:52:53.619 10 5 0C6D929867
 IN: 12:52:53.634 14 3 91692B
OUT: 12:52:53.697 10 5 0A6D929867
 IN: 12:52:53.715 10 5 0600FF00FF
OUT: 12:52:53.776 10 5 306D929867
 IN: 12:52:53.793 14 3 91692B
OUT: 12:52:53.853 10 5 606D9220DF
 IN: 12:52:53.868 14 3 91692B
OUT: 12:52:53.932 10 5 037C8320DF
 IN: 12:52:53.948 14 3 91692B
OUT: 12:52:53.994 10 5 0C7C8320DF
 IN: 12:52:54.012 14 3 91692B
OUT: 12:52:54.072 10 5 0A7C8320DF
 IN: 12:52:54.087 14 3 91692B
OUT: 12:52:54.15  10 5 307C8320DF
 IN: 12:52:54.167 14 3 91692B
OUT: 12:52:54.227 10 5 607C83609F
 IN: 12:52:54.246 10 5 0600FF00FF
OUT: 12:52:54.305 10 5 03B44B609F
 IN: 12:52:54.322 14 3 91692B
OUT: 12:52:54.381 10 5 0CB44B609F
 IN: 12:52:54.398 14 3 91692B
OUT: 12:52:54.443 10 5 0AB44B609F
 IN: 12:52:54.459 14 3 91692B
OUT: 12:52:54.522 10 5 30B44B609F
 IN: 12:52:54.539 14 3 91692B
OUT: 12:52:54.599 10 5 60B44B8877
 IN: 12:52:54.615 14 3 91692B
OUT: 12:52:54.677 10 5 03EF108877
 IN: 12:52:54.693 14 3 91692B
OUT: 12:52:54.755 10 5 0CEF108877
 IN: 12:52:54.773 10 5 0600FF00FF
OUT: 12:52:54.832 10 5 0AEF108877
 IN: 12:52:54.849 14 3 91692B
OUT: 12:52:54.893 10 5 30EF108877
 IN: 12:52:54.911 14 3 91692B
OUT: 12:52:54.971 10 5 60EF10B14E
 IN: 12:52:54.989 14 3 91692B
OUT: 12:52:55.049 10 5 030AF5B14E
 IN: 12:52:55.066 14 3 91692B
OUT: 12:52:55.127 10 5 0C0AF5B14E
 IN: 12:52:55.142 14 3 91692B
OUT: 12:52:55.205 10 5 0A0AF5B14E
 IN: 12:52:55.221 14 3 91692B
OUT: 12:52:55.282 10 5 300AF5B14E
 IN: 12:52:55.301 10 5 0600FF00FF
OUT: 12:52:55.343 10 5 600AF56996
 IN: 12:52:55.359 14 3 91692B
OUT: 12:52:55.421 10 5 0313EC6996
 IN: 12:52:55.438 14 3 91692B
OUT: 12:52:55.5   10 5 0C13EC6996
 IN: 12:52:55.515 14 3 99606B
OUT: 12:52:55.53  2 2 031F
 IN: 12:52:55.542 14 3 99606B
OUT: 12:52:55.577 10 5 0A13EC6996
 IN: 12:52:55.594 2 2 0313
OUT: 12:52:55.607 2 1 04
 IN: 12:52:55.621 14 3 99606B
OUT: 12:52:55.655 10 5 3013EC6996
 IN: 12:52:55.675 2 5 04EEC5CD20
OUT: 12:52:55.685 2 1 01
 IN: 12:52:55.697 14 3 99606B
OUT: 12:52:55.732 10 5 6013ECE817
 IN: 12:52:55.746 2 1 01
OUT: 12:52:55.793 10 5 0323DCE817
 IN: 12:52:55.81  14 3 99606B
OUT: 12:52:55.87  10 5 0C23DCE817
 IN: 12:52:55.886 14 3 99606B
OUT: 12:52:55.948 10 5 0A23DCE817
 IN: 12:52:55.967 10 5 0600FF00FF
OUT: 12:52:56.025 10 5 3023DCE817
 IN: 12:52:56.041 14 3 99606B
OUT: 12:52:56.103 10 5 6023DCD926
 IN: 12:52:56.121 14 3 99606B
OUT: 12:52:56.18  10 5 0345BAD926
 IN: 12:52:56.196 14 3 99606B
OUT: 12:52:56.244 10 5 0C45BAD926
 IN: 12:52:56.262 14 3 99606B
OUT: 12:52:56.322 10 5 0A45BAD926
 IN: 12:52:56.339 14 3 99606B
OUT: 12:52:56.4   10 5 3045BAD926
 IN: 12:52:56.417 14 3 99606B
OUT: 12:52:56.478 10 5 6045BA9867
 IN: 12:52:56.498 10 5 0600FF00FF
OUT: 12:52:56.556 10 5 036D929867
 IN: 12:52:56.572 14 3 99606B
OUT: 12:52:56.619 10 5 0C6D929867
 IN: 12:52:56.636 14 3 99606B
OUT: 12:52:56.698 10 5 0A6D929867
 IN: 12:52:56.713 14 3 99606B
OUT: 12:52:56.774 10 5 306D929867
 IN: 12:52:56.789 14 3 99606B
OUT: 12:52:56.852 10 5 606D9220DF
 IN: 12:52:56.868 14 3 99606B
OUT: 12:52:56.93  10 5 037C8320DF
 IN: 12:52:56.948 10 5 0600FF00FF
OUT: 12:52:57.007 10 5 0C7C8320DF
 IN: 12:52:57.024 14 3 99606B
OUT: 12:52:57.07  10 5 0A7C8320DF
 IN: 12:52:57.085 14 3 99606B
OUT: 12:52:57.147 10 5 307C8320DF
 IN: 12:52:57.163 14 3 99606B
OUT: 12:52:57.225 10 5 607C83609F
 IN: 12:52:57.243 14 3 99606B
OUT: 12:52:57.304 10 5 03B44B609F
 IN: 12:52:57.32  14 3 99606B
OUT: 12:52:57.38  10 5 0CB44B609F
 IN: 12:52:57.396 14 3 99606B
OUT: 12:52:57.457 10 5 0AB44B609F
 IN: 12:52:57.478 10 5 0600FF00FF
OUT: 12:52:57.519 10 5 30B44B609F
 IN: 12:52:57.535 14 3 99606B
OUT: 12:52:57.597 10 5 60B44B8877
 IN: 12:52:57.613 14 3 99606B
OUT: 12:52:57.675 10 5 03EF108877
 IN: 12:52:57.692 14 3 99606B
OUT: 12:52:57.755 10 5 0CEF108877
 IN: 12:52:57.77  14 3 99606B
OUT: 12:52:57.832 10 5 0AEF108877
 IN: 12:52:57.849 14 3 99606B
OUT: 12:52:57.894 10 5 30EF108877
 IN: 12:52:57.91  14 3 99606B
OUT: 12:52:57.971 10 5 60EF10B14E
 IN: 12:52:57.991 10 5 0600FF00FF
OUT: 12:52:58.047 10 5 030AF5B14E
 IN: 12:52:58.065 14 3 99606B
OUT: 12:52:58.125 10 5 0C0AF5B14E
 IN: 12:52:58.142 14 3 99606B
OUT: 12:52:58.203 10 5 0A0AF5B14E
 IN: 12:52:58.22  14 3 99606B
OUT: 12:52:58.28  10 5 300AF5B14E
 IN: 12:52:58.295 14 3 99606B
OUT: 12:52:58.357 10 5 600AF56996
 IN: 12:52:58.375 14 3 99606B
OUT: 12:52:58.419 10 5 0313EC6996
 IN: 12:52:58.433 14 3 99606B
OUT: 12:52:58.499 10 5 0C13EC6996
 IN: 12:52:58.518 10 5 0600FF00FF
OUT: 12:52:58.576 10 5 0A13EC6996
 IN: 12:52:58.592 14 3 19E06B
OUT: 12:52:58.654 10 5 3013EC6996
 IN: 12:52:58.67  14 3 19E06B
OUT: 12:52:58.731 10 5 6013ECE817
 IN: 12:52:58.749 14 3 19E06B
OUT: 12:52:58.794 10 5 0323DCE817
 IN: 12:52:58.809 14 3 19E06B
OUT: 12:52:58.872 10 5 0C23DCE817
 IN: 12:52:58.888 14 3 19E06B
OUT: 12:52:58.95  10 5 0A23DCE817
 IN: 12:52:58.968 10 5 0600FF00FF
OUT: 12:52:59.028 10 5 3023DCE817
 IN: 12:52:59.045 14 3 99606B
OUT: 12:52:59.058 2 2 031F
 IN: 12:52:59.07  14 3 99606B
OUT: 12:52:59.105 10 5 6023DCD926
 IN: 12:52:59.121 2 2 0313
OUT: 12:52:59.137 2 1 04
 IN: 12:52:59.147 14 3 99606B
OUT: 12:52:59.168 10 5 0345BAD926
 IN: 12:52:59.187 2 5 04EEC5CD20
OUT: 12:52:59.199 2 1 01
 IN: 12:52:59.211 14 3 99606B
OUT: 12:52:59.245 10 5 0C45BAD926
 IN: 12:52:59.258 2 1 01
OUT: 12:52:59.324 10 5 0A45BAD926
 IN: 12:52:59.34  14 3 99606B
OUT: 12:52:59.402 10 5 3045BAD926
 IN: 12:52:59.42  14 3 99606B
OUT: 12:52:59.48  10 5 6045BA9867
 IN: 12:52:59.498 10 5 0600FF00FF
OUT: 12:52:59.558 10 5 036D929867
 IN: 12:52:59.575 14 3 99606B
OUT: 12:52:59.619 10 5 0C6D929867
 IN: 12:52:59.634 14 3 99606B
OUT: 12:52:59.696 10 5 0A6D929867
 IN: 12:52:59.712 14 3 99606B
OUT: 12:52:59.773 10 5 306D929867
 IN: 12:52:59.79  14 3 91692B
OUT: 12:52:59.85  14 2 0000
 IN: 12:52:59.863 14 3 91692B
OUT: 12:52:59.928 10 5 606D9220DF
 IN: 12:52:59.947 10 5 0600FF00FF
OUT: 12:53:00.007 10 5 037C8320DF
 IN: 12:53:00.024 14 3 91692B
OUT: 12:53:00.069 10 5 0C7C8320DF
 IN: 12:53:00.084 14 3 91692B
OUT: 12:53:00.146 10 5 0A7C8320DF
 IN: 12:53:00.162 14 3 91692B
OUT: 12:53:00.223 10 5 307C8320DF
 IN: 12:53:00.242 14 3 91692B
OUT: 12:53:00.301 10 5 607C83609F
 IN: 12:53:00.317 14 3 91692B
OUT: 12:53:00.379 10 5 03B44B609F
 IN: 12:53:00.397 14 3 91692B
OUT: 12:53:00.456 10 5 0CB44B609F
 IN: 12:53:00.474 10 5 0600FF00FF
OUT: 12:53:00.518 10 5 0AB44B609F
 IN: 12:53:00.534 14 3 91692B
OUT: 12:53:00.596 10 5 30B44B609F
 IN: 12:53:00.614 14 3 91692B
OUT: 12:53:00.675 10 5 60B44B8877
 IN: 12:53:00.691 14 3 91692B
OUT: 12:53:00.752 10 5 03EF108877
 IN: 12:53:00.768 14 3 91692B
OUT: 12:53:00.829 10 5 0CEF108877
 IN: 12:53:00.844 14 3 91692B
OUT: 12:53:00.908 10 5 0AEF108877
 IN: 12:53:00.923 14 3 91692B
OUT: 12:53:00.971 10 5 30EF108877
 IN: 12:53:00.99  10 5 0600FF00FF
OUT: 12:53:01.047 10 5 60EF10B14E
 IN: 12:53:01.063 14 3 91692B
OUT: 12:53:01.125 10 5 030AF5B14E
 IN: 12:53:01.143 14 3 91692B
OUT: 12:53:01.201 10 5 0C0AF5B14E
 IN: 12:53:01.219 14 3 91692B
OUT: 12:53:01.278 10 5 0A0AF5B14E
 IN: 12:53:01.296 14 3 91692B
OUT: 12:53:01.356 10 5 300AF5B14E
 IN: 12:53:01.372 14 3 91692B
OUT: 12:53:01.418 10 5 600AF56996
 IN: 12:53:01.436 14 3 91692B
OUT: 12:53:01.497 10 5 0313EC6996
 IN: 12:53:01.515 10 5 0600FF00FF
OUT: 12:53:01.575 10 5 0C13EC6996
 IN: 12:53:01.59  14 3 91692B
OUT: 12:53:01.653 10 5 0A13EC6996
 IN: 12:53:01.67  14 3 91692B
OUT: 12:53:01.73  10 5 3013EC6996
 IN: 12:53:01.746 14 3 91692B
OUT: 12:53:01.793 10 5 6013ECE817
 IN: 12:53:01.81  14 3 91692B
OUT: 12:53:01.871 10 5 0323DCE817
 IN: 12:53:01.887 14 3 91692B
OUT: 12:53:01.948 10 5 0C23DCE817
 IN: 12:53:01.965 14 3 91692B
OUT: 12:53:02.026 10 5 0A23DCE817
 IN: 12:53:02.044 10 5 0600FF00FF
OUT: 12:53:02.103 10 5 3023DCE817
 IN: 12:53:02.12  14 3 91692B
OUT: 12:53:02.181 10 5 6023DCD926
 IN: 12:53:02.198 14 3 91692B
OUT: 12:53:02.243 10 5 0345BAD926
 IN: 12:53:02.261 14 3 91692B
OUT: 12:53:02.321 10 5 0C45BAD926
 IN: 12:53:02.337 14 3 91692B
OUT: 12:53:02.398 10 5 0A45BAD926
 IN: 12:53:02.414 14 3 91692B
OUT: 12:53:02.477 10 5 3045BAD926
 IN: 12:53:02.498 10 5 0600FF00FF
OUT: 12:53:02.555 10 5 6045BA9867
 IN: 12:53:02.572 14 3 91692B
OUT: 12:53:02.632 10 5 036D929867
 IN: 12:53:02.647 14 3 91692B
OUT: 12:53:02.693 10 5 0C6D929867
 IN: 12:53:02.709 14 3 91692B
OUT: 12:53:02.772 10 5 0A6D929867
 IN: 12:53:02.789 14 3 91692B
OUT: 12:53:02.851 10 5 306D929867
 IN: 12:53:02.866 14 3 91692B
OUT: 12:53:02.929 10 5 606D9220DF
 IN: 12:53:02.946 14 3 91692B
OUT: 12:53:03.007 10 5 037C8320DF
 IN: 12:53:03.027 10 5 0600FF00FF
OUT: 12:53:03.07  10 5 0C7C8320DF
 IN: 12:53:03.087 14 3 91692B
OUT: 12:53:03.147 10 5 0A7C8320DF
 IN: 12:53:03.165 14 3 91692B
OUT: 12:53:03.226 10 5 307C8320DF
 IN: 12:53:03.242 14 3 91692B
OUT: 12:53:03.303 10 5 607C83609F
 IN: 12:53:03.32  14 3 91692B
OUT: 12:53:03.38  10 5 03B44B609F
 IN: 12:53:03.398 14 3 91692B
OUT: 12:53:03.442 10 5 0CB44B609F
 IN: 12:53:03.457 14 3 91692B
OUT: 12:53:03.521 10 5 0AB44B609F
 IN: 12:53:03.539 10 5 0600FF00FF
OUT: 12:53:03.598 10 5 30B44B609F
 IN: 12:53:03.614 14 3 91692B
OUT: 12:53:03.675 10 5 60B44B8877
 IN: 12:53:03.692 14 3 91692B
OUT: 12:53:03.751 10 5 03EF108877
 IN: 12:53:03.77  14 3 91692B
OUT: 12:53:03.829 10 5 0CEF108877
 IN: 12:53:03.845 14 3 91692B
OUT: 12:53:03.905 10 5 0AEF108877
 IN: 12:53:03.921 14 3 91692B
OUT: 12:53:03.968 10 5 30EF108877
 IN: 12:53:03.984 14 3 91692B
OUT: 12:53:04.045 10 5 60EF10B14E
 IN: 12:53:04.063 10 5 0600FF00FF
OUT: 12:53:04.123 10 5 030AF5B14E
 IN: 12:53:04.137 14 3 91692B
OUT: 12:53:04.201 10 5 0C0AF5B14E
 IN: 12:53:04.218 14 3 91692B
OUT: 12:53:04.278 10 5 0A0AF5B14E
 IN: 12:53:04.295 14 3 91692B
OUT: 12:53:04.356 10 5 300AF5B14E
 IN: 12:53:04.372 14 3 91692B
OUT: 12:53:04.417 10 5 600AF56996
 IN: 12:53:04.434 14 3 91692B
OUT: 12:53:04.495 10 5 0313EC6996
 IN: 12:53:04.516 10 5 0600FF00FF
OUT: 12:53:04.574 10 5 0C13EC6996
 IN: 12:53:04.591 14 3 91692B
OUT: 12:53:04.652 10 5 0A13EC6996
 IN: 12:53:04.667 14 3 91692B
OUT: 12:53:04.729 10 5 3013EC6996
 IN: 12:53:04.745 14 3 91692B
OUT: 12:53:04.807 10 5 6013ECE817
 IN: 12:53:04.824 14 3 91692B
OUT: 12:53:04.869 10 5 0323DCE817
 IN: 12:53:04.884 14 3 91692B
OUT: 12:53:04.947 10 5 0C23DCE817
 IN: 12:53:04.964 14 3 91692B
OUT: 12:53:05.025 10 5 0A23DCE817
 IN: 12:53:05.045 10 5 0600FF00FF
OUT: 12:53:05.103 10 5 3023DCE817
 IN: 12:53:05.119 14 3 91692B
OUT: 12:53:05.18  10 5 6023DCD926
 IN: 12:53:05.198 14 3 91692B
OUT: 12:53:05.243 10 5 0345BAD926
 IN: 12:53:05.258 14 3 91692B
OUT: 12:53:05.321 10 5 0C45BAD926
 IN: 12:53:05.337 14 3 91692B
OUT: 12:53:05.399 10 5 0A45BAD926
 IN: 12:53:05.417 14 3 91692B
OUT: 12:53:05.478 10 5 3045BAD926
 IN: 12:53:05.493 14 3 91692B
OUT: 12:53:05.556 10 5 6045BA9867
 IN: 12:53:05.574 10 5 0600FF00FF
OUT: 12:53:05.618 10 5 036D929867
 IN: 12:53:05.636 14 3 91692B
OUT: 12:53:05.695 10 5 0C6D929867
 IN: 12:53:05.712 14 3 91692B
OUT: 12:53:05.773 10 5 0A6D929867
 IN: 12:53:05.789 14 3 91692B
OUT: 12:53:05.851 10 5 306D929867
 IN: 12:53:05.867 14 3 91692B
OUT: 12:53:05.929 10 5 606D9220DF
 IN: 12:53:05.947 14 3 91692B
OUT: 12:53:06.006 10 5 037C8320DF
 IN: 12:53:06.022 14 3 91692B
OUT: 12:53:06.068 10 5 0C7C8320DF
 IN: 12:53:06.086 10 5 0600FF00FF
OUT: 12:53:06.146 10 5 0A7C8320DF
 IN: 12:53:06.163 14 3 91692B
OUT: 12:53:06.223 10 5 307C8320DF
 IN: 12:53:06.239 14 3 91692B
OUT: 12:53:06.301 10 5 607C83609F
 IN: 12:53:06.319 14 3 91692B
OUT: 12:53:06.379 10 5 03B44B609F
 IN: 12:53:06.394 14 3 91692B
OUT: 12:53:06.458 10 5 0CB44B609F
 IN: 12:53:06.474 14 3 91692B
OUT: 12:53:06.519 10 5 0AB44B609F
 IN: 12:53:06.536 14 3 91692B
OUT: 12:53:06.597 10 5 30B44B609F
 IN: 12:53:06.617 10 5 0600FF00FF
OUT: 12:53:06.675 10 5 60B44B8877
 IN: 12:53:06.691 14 3 91692B
OUT: 12:53:06.752 10 5 03EF108877
 IN: 12:53:06.768 14 3 91692B
OUT: 12:53:06.828 10 5 0CEF108877
 IN: 12:53:06.846 14 3 91692B
OUT: 12:53:06.906 10 5 0AEF108877
 IN: 12:53:06.922 14 3 91692B
OUT: 12:53:06.969 10 5 30EF108877
 IN: 12:53:06.985 14 3 91692B
OUT: 12:53:07.047 10 5 60EF10B14E
 IN: 12:53:07.067 10 5 0600FF00FF
OUT: 12:53:07.125 10 5 030AF5B14E
 IN: 12:53:07.14  14 3 91692B
OUT: 12:53:07.203 10 5 0C0AF5B14E
 IN: 12:53:07.22  14 3 91692B
OUT: 12:53:07.281 10 5 0A0AF5B14E
 IN: 12:53:07.296 14 3 91692B
OUT: 12:53:07.343 10 5 300AF5B14E
 IN: 12:53:07.36  14 3 91692B
OUT: 12:53:07.421 10 5 600AF56996
 IN: 12:53:07.438 14 3 91692B
OUT: 12:53:07.5   10 5 0313EC6996
 IN: 12:53:07.519 14 3 91692B
OUT: 12:53:07.578 10 5 0C13EC6996
 IN: 12:53:07.596 10 5 0600FF00FF
OUT: 12:53:07.654 10 5 0A13EC6996
 IN: 12:53:07.67  14 3 91692B
OUT: 12:53:07.733 10 5 3013EC6996
 IN: 12:53:07.749 14 3 91692B
OUT: 12:53:07.795 10 5 6013ECE817
 IN: 12:53:07.811 14 3 91692B
OUT: 12:53:07.873 10 5 0323DCE817
 IN: 12:53:07.891 14 3 91692B
OUT: 12:53:07.951 10 5 0C23DCE817
 IN: 12:53:07.966 14 3 91692B
OUT: 12:53:08.028 10 5 0A23DCE817
 IN: 12:53:08.046 14 3 91692B
OUT: 12:53:08.106 10 5 3023DCE817
 IN: 12:53:08.123 10 5 0600FF00FF
OUT: 12:53:08.168 10 5 6023DCD926
 IN: 12:53:08.185 14 3 91692B
OUT: 12:53:08.245 10 5 0345BAD926
 IN: 12:53:08.261 14 3 91692B
OUT: 12:53:08.323 10 5 0C45BAD926
 IN: 12:53:08.341 14 3 91692B
OUT: 12:53:08.4   10 5 0A45BAD926
 IN: 12:53:08.416 14 3 91692B
OUT: 12:53:08.478 10 5 3045BAD926
 IN: 12:53:08.493 14 3 91692B
OUT: 12:53:08.557 10 5 6045BA9867
 IN: 12:53:08.573 14 3 91692B
OUT: 12:53:08.619 10 5 036D929867
 IN: 12:53:08.639 10 5 0600FF00FF
OUT: 12:53:08.695 10 5 0C6D929867
 IN: 12:53:08.713 14 3 91692B
OUT: 12:53:08.774 10 5 0A6D929867
 IN: 12:53:08.792 14 3 91692B
OUT: 12:53:08.852 10 5 306D929867
 IN: 12:53:08.868 14 3 91692B
OUT: 12:53:08.93  10 5 606D9220DF
 IN: 12:53:08.947 14 3 91692B
OUT: 12:53:08.992 10 5 037C8320DF
 IN: 12:53:09.009 14 3 91692B
OUT: 12:53:09.071 10 5 0C7C8320DF
 IN: 12:53:09.086 14 3 91692B
OUT: 12:53:09.148 10 5 0A7C8320DF
 IN: 12:53:09.167 10 5 0600FF00FF
OUT: 12:53:09.225 10 5 307C8320DF
 IN: 12:53:09.242 14 3 91692B
OUT: 12:53:09.303 10 5 607C83609F
 IN: 12:53:09.319 14 3 91692B
OUT: 12:53:09.381 10 5 03B44B609F
 IN: 12:53:09.397 14 3 91692B
OUT: 12:53:09.442 10 5 0CB44B609F
 IN: 12:53:09.458 14 3 91692B
OUT: 12:53:09.52  10 5 0AB44B609F
 IN: 12:53:09.538 14 3 91692B
OUT: 12:53:09.599 10 5 30B44B609F
 IN: 12:53:09.616 10 5 0600FF00FF
OUT: 12:53:09.677 10 5 60B44B8877
 IN: 12:53:09.694 14 3 91692B
OUT: 12:53:09.754 10 5 03EF108877
 IN: 12:53:09.769 14 3 91692B
OUT: 12:53:09.831 10 5 0CEF108877
 IN: 12:53:09.849 14 3 91692B
OUT: 12:53:09.892 10 5 0AEF108877
 IN: 12:53:09.91  14 3 91692B
OUT: 12:53:09.97  10 5 30EF108877
 IN: 12:53:09.986 14 3 91692B
OUT: 12:53:10.047 10 5 60EF10B14E
 IN: 12:53:10.065 14 3 91692B
OUT: 12:53:10.124 10 5 030AF5B14E
 IN: 12:53:10.143 10 5 0600FF00FF
OUT: 12:53:10.202 10 5 0C0AF5B14E
 IN: 12:53:10.219 14 3 91692B
OUT: 12:53:10.279 10 5 0A0AF5B14E
 IN: 12:53:10.294 14 3 91692B
OUT: 12:53:10.356 10 5 300AF5B14E
 IN: 12:53:10.374 14 3 91692B
OUT: 12:53:10.418 10 5 600AF56996
 IN: 12:53:10.433 14 3 91692B
OUT: 12:53:10.497 10 5 0313EC6996
 IN: 12:53:10.513 14 3 91692B
OUT: 12:53:10.574 10 5 0C13EC6996
 IN: 12:53:10.591 14 3 91692B
OUT: 12:53:10.651 10 5 0A13EC6996
 IN: 12:53:10.67  10 5 0600FF00FF
OUT: 12:53:10.729 10 5 3013EC6996
 IN: 12:53:10.746 14 3 91692B
OUT: 12:53:10.792 10 5 6013ECE817
 IN: 12:53:10.81  14 3 91692B
OUT: 12:53:10.87  10 5 0323DCE817
 IN: 12:53:10.887 14 3 91692B
OUT: 12:53:10.948 10 5 0C23DCE817
 IN: 12:53:10.965 14 3 91692B
OUT: 12:53:11.026 10 5 0A23DCE817
 IN: 12:53:11.042 14 3 91692B
OUT: 12:53:11.103 10 5 3023DCE817
 IN: 12:53:11.12  14 3 91692B
OUT: 12:53:11.18  10 5 6023DCD926
 IN: 12:53:11.198 10 5 0600FF00FF
OUT: 12:53:11.243 10 5 0345BAD926
 IN: 12:53:11.259 14 3 91692B
OUT: 12:53:11.32  10 5 0C45BAD926
 IN: 12:53:11.337 14 3 91692B
OUT: 12:53:11.398 10 5 0A45BAD926
 IN: 12:53:11.414 14 3 91692B
OUT: 12:53:11.475 10 5 3045BAD926
 IN: 12:53:11.492 14 3 91692B
OUT: 12:53:11.552 10 5 6045BA9867
 IN: 12:53:11.568 14 3 91692B
OUT: 12:53:11.63  10 5 036D929867
 IN: 12:53:11.649 10 5 0600FF00FF
OUT: 12:53:11.707 10 5 0C6D929867
 IN: 12:53:11.723 14 3 91692B
OUT: 12:53:11.769 10 5 0A6D929867
 IN: 12:53:11.785 14 3 91692B
OUT: 12:53:11.846 10 5 306D929867
 IN: 12:53:11.864 14 3 91692B
OUT: 12:53:11.922 10 5 606D9220DF
 IN: 12:53:11.94  14 3 91692B
OUT: 12:53:12.001 10 5 037C8320DF
 IN: 12:53:12.016 14 3 91692B
OUT: 12:53:12.079 10 5 0C7C8320DF
 IN: 12:53:12.095 14 3 91692B
OUT: 12:53:12.157 10 5 0A7C8320DF
 IN: 12:53:12.177 10 5 0600FF00FF
OUT: 12:53:12.218 10 5 307C8320DF
 IN: 12:53:12.236 14 3 91692B
OUT: 12:53:12.297 10 5 607C83609F
 IN: 12:53:12.314 14 3 91692B
OUT: 12:53:12.375 10 5 03B44B609F
 IN: 12:53:12.391 14 3 91692B
OUT: 12:53:12.453 10 5 0CB44B609F
 IN: 12:53:12.469 14 3 91692B
OUT: 12:53:12.529 10 5 0AB44B609F
 IN: 12:53:12.546 14 3 91692B
OUT: 12:53:12.593 10 5 30B44B609F
 IN: 12:53:12.61  14 3 91692B
OUT: 12:53:12.67  10 5 60B44B8877
 IN: 12:53:12.688 10 5 0600FF00FF
OUT: 12:53:12.747 10 5 03EF108877
 IN: 12:53:12.762 14 3 91692B
OUT: 12:53:12.825 10 5 0CEF108877
 IN: 12:53:12.841 14 3 91692B
OUT: 12:53:12.903 10 5 0AEF108877
 IN: 12:53:12.921 14 3 91692B
OUT: 12:53:12.981 10 5 30EF108877
 IN: 12:53:12.996 14 3 91692B
OUT: 12:53:13.042 10 5 60EF10B14E
 IN: 12:53:13.058 14 3 91692B
OUT: 12:53:13.119 10 5 030AF5B14E
 IN: 12:53:13.134 14 3 91692B
OUT: 12:53:13.197 10 5 0C0AF5B14E
 IN: 12:53:13.215 10 5 0600FF00FF
OUT: 12:53:13.274 10 5 0A0AF5B14E
 IN: 12:53:13.291 14 3 91692B
OUT: 12:53:13.351 10 5 300AF5B14E
 IN: 12:53:13.369 14 3 91692B
OUT: 12:53:13.429 10 5 600AF56996
 IN: 12:53:13.446 14 3 91692B
OUT: 12:53:13.507 10 5 0313EC6996
 IN: 12:53:13.524 14 3 91692B
